#
# There is insufficient memory for the Java Runtime Environment to continue.
# Native memory allocation (malloc) failed to allocate 131088 bytes for Chunk::new
# Possible reasons:
#   The system is out of physical RAM or swap space
#   The process is running with CompressedOops enabled, and the Java Heap may be blocking the growth of the native heap
# Possible solutions:
#   Reduce memory load on the system
#   Increase physical memory or swap space
#   Check if swap backing store is full
#   Decrease Java heap size (-Xmx/-Xms)
#   Decrease number of Java threads
#   Decrease Java thread stack sizes (-Xss)
#   Set larger code cache with -XX:ReservedCodeCacheSize=
#   JVM is running with Unscaled Compressed Oops mode in which the Java heap is
#     placed in the first 4GB address space. The Java Heap base address is the
#     maximum limit for the native heap growth. Please use -XX:HeapBaseMinAddress
#     to set the Java Heap base and to place the Java Heap above 4GB virtual address.
# This output file may be truncated or incomplete.
#
#  Out of Memory Error (arena.cpp:189), pid=23216, tid=23100
#
# JRE version: OpenJDK Runtime Environment (17.0.6) (build 17.0.6+0-b2043.56-10027231)
# Java VM: OpenJDK 64-Bit Server VM (17.0.6+0-b2043.56-10027231, mixed mode, tiered, compressed oops, compressed class ptrs, g1 gc, windows-amd64)
# No core dump will be written. Minidumps are not enabled by default on client versions of Windows
#

---------------  S U M M A R Y ------------

Command Line: --add-opens=java.base/java.util=ALL-UNNAMED --add-opens=java.base/java.lang=ALL-UNNAMED --add-opens=java.base/java.lang.invoke=ALL-UNNAMED --add-opens=java.prefs/java.util.prefs=ALL-UNNAMED --add-opens=java.base/java.nio.charset=ALL-UNNAMED --add-opens=java.base/java.net=ALL-UNNAMED --add-opens=java.base/java.util.concurrent.atomic=ALL-UNNAMED -Xmx2048m -Dfile.encoding=UTF-8 -Duser.country=ES -Duser.language=es -Duser.variant org.gradle.launcher.daemon.bootstrap.GradleDaemon 8.0

Host: AMD Ryzen 5 2500U with Radeon Vega Mobile Gfx  , 8 cores, 14G,  Windows 11 , 64 bit Build 22621 (10.0.22621.2428)
Time: Thu Nov  9 17:57:26 2023 Hora est. Pacífico, Sudamérica elapsed time: 11.784657 seconds (0d 0h 0m 11s)

---------------  T H R E A D  ---------------

Current thread (0x000002788f379470):  JavaThread "C2 CompilerThread2" daemon [_thread_in_native, id=23100, stack(0x000000ff48f00000,0x000000ff49000000)]


Current CompileTask:
C2:  11784 8372       4       java.beans.Introspector::addMethod (196 bytes)

Stack: [0x000000ff48f00000,0x000000ff49000000]
Native frames: (J=compiled Java code, j=interpreted, Vv=VM code, C=native code)
V  [jvm.dll+0x683c9a]
V  [jvm.dll+0x8427a4]
V  [jvm.dll+0x843f9e]
V  [jvm.dll+0x844603]
V  [jvm.dll+0x249b75]
V  [jvm.dll+0xabcac]
V  [jvm.dll+0xac27c]
V  [jvm.dll+0xabdbb]
V  [jvm.dll+0x6da96c]
V  [jvm.dll+0x593a8f]
V  [jvm.dll+0x596781]
V  [jvm.dll+0x58093e]
V  [jvm.dll+0x5810ea]
V  [jvm.dll+0x5833df]
V  [jvm.dll+0x582f1d]
V  [jvm.dll+0x582e00]
V  [jvm.dll+0x582e00]
V  [jvm.dll+0x582f89]
V  [jvm.dll+0x582f89]
V  [jvm.dll+0x582f89]
V  [jvm.dll+0x582f89]
V  [jvm.dll+0x582f89]
V  [jvm.dll+0x582f89]
V  [jvm.dll+0x582f89]
V  [jvm.dll+0x582f89]
V  [jvm.dll+0x58ab1d]
V  [jvm.dll+0x2243b2]
V  [jvm.dll+0x22478f]
V  [jvm.dll+0x21e055]
V  [jvm.dll+0x21b51b]
V  [jvm.dll+0x1a4fdd]
V  [jvm.dll+0x22b098]
V  [jvm.dll+0x229159]
V  [jvm.dll+0x7f81ec]
V  [jvm.dll+0x7f274a]
V  [jvm.dll+0x682ad5]
C  [ucrtbase.dll+0x29363]
C  [KERNEL32.DLL+0x1257d]
C  [ntdll.dll+0x5aa78]


---------------  P R O C E S S  ---------------

Threads class SMR info:
_java_thread_list=0x0000027896a515a0, length=136, elements={
0x00000278ef9274e0, 0x00000278fb041250, 0x00000278fb042cf0, 0x00000278fb06d8e0,
0x00000278fb06e5b0, 0x00000278fb071ca0, 0x00000278fb073280, 0x00000278fb079740,
0x00000278fb082830, 0x00000278fb085250, 0x00000278fb21bb60, 0x00000278fb21c440,
0x00000278fb5380a0, 0x00000278fb3377b0, 0x00000278fb338af0, 0x00000278fb33aca0,
0x00000278fb33a7d0, 0x00000278fb338fc0, 0x00000278fb33b170, 0x00000278fb339e30,
0x00000278fb338150, 0x00000278fb339490, 0x00000278fb337c80, 0x00000278fb33a300,
0x00000278fb339960, 0x00000278fde3cf40, 0x00000278fde412a0, 0x00000278fde3c5a0,
0x00000278fde3bc00, 0x00000278fde3c0d0, 0x00000278fde3d8e0, 0x00000278fde41770,
0x00000278fde41c40, 0x00000278fde3b730, 0x00000278fde3e280, 0x00000278fde3ad90,
0x000002788f379470, 0x00000278fde3e750, 0x00000278fde3ec20, 0x00000278fde3f0f0,
0x00000278fde3f5c0, 0x00000278fde40900, 0x00000278fde40dd0, 0x00000278fde3b260,
0x00000278fde425e0, 0x000002788f7d1530, 0x000002788f7d2d40, 0x000002788f7d1a00,
0x000002788f7d1ed0, 0x000002788f7d23a0, 0x000002788f7d2870, 0x000002788f7d3210,
0x000002788f7d36e0, 0x000002788f7d4080, 0x000002788f7d3bb0, 0x000002788f7d4550,
0x000002788f7d4a20, 0x000002788f7d1060, 0x000002788f5fb250, 0x000002788f5f9a40,
0x000002788f5f8700, 0x000002788f5f90a0, 0x000002788f5f8bd0, 0x000002788f5f9570,
0x000002788f5fa3e0, 0x000002788f5f7890, 0x000002788f5f9f10, 0x000002788f5fdda0,
0x000002788f5fc0c0, 0x000002788f5fc590, 0x000002788f5fec10, 0x000002788f5fe740,
0x000002788f5fca60, 0x000002788f5fd8d0, 0x000002788f5fa8b0, 0x000002788f5fad80,
0x000002788f5fb720, 0x000002788f5fbbf0, 0x000002788f5fcf30, 0x000002788f5fd400,
0x000002788f5fe270, 0x000002788f5ff0e0, 0x000002788f5f7d60, 0x000002788f5f8230,
0x00000278fdfbcd10, 0x00000278fdfbb9d0, 0x00000278fdfbbea0, 0x00000278fdfc2880,
0x00000278fdfbfd30, 0x00000278fdfbdb80, 0x00000278fdfbb030, 0x00000278fdfbf860,
0x00000278fdfbb500, 0x00000278fdfc0200, 0x00000278fdfc1ee0, 0x00000278fdfc1a10,
0x00000278fdfbc370, 0x00000278fdfbc840, 0x00000278fdfbe050, 0x00000278fdfbd1e0,
0x00000278fdfc23b0, 0x00000278fdfbd6b0, 0x00000278fdfbe520, 0x00000278fdfbe9f0,
0x00000278fdfbeec0, 0x00000278fdfbf390, 0x00000278fdfc06d0, 0x00000278fdfc0ba0,
0x00000278fdfc1070, 0x00000278fdfc1540, 0x000002788f267560, 0x000002788f264ee0,
0x000002788f2683d0, 0x000002788f264a10, 0x000002788f268d70, 0x000002788f267a30,
0x000002788f265880, 0x000002788f264070, 0x000002788f264540, 0x000002788f2688a0,
0x000002788f2666f0, 0x000002788f265d50, 0x000002788f262860, 0x000002788f2653b0,
0x000002788f266220, 0x000002788f267090, 0x000002788f2619f0, 0x00000278fb338620,
0x00000278943462b0, 0x0000027894347ac0, 0x0000027894347120, 0x0000027894347f90,
0x0000027894346780, 0x00000278943445d0, 0x0000027894348930, 0x0000027894346c50
}

Java Threads: ( => current thread )
  0x00000278ef9274e0 JavaThread "main" [_thread_blocked, id=18728, stack(0x000000ff45c00000,0x000000ff45d00000)]
  0x00000278fb041250 JavaThread "Reference Handler" daemon [_thread_blocked, id=20356, stack(0x000000ff46300000,0x000000ff46400000)]
  0x00000278fb042cf0 JavaThread "Finalizer" daemon [_thread_blocked, id=12052, stack(0x000000ff46400000,0x000000ff46500000)]
  0x00000278fb06d8e0 JavaThread "Signal Dispatcher" daemon [_thread_blocked, id=23652, stack(0x000000ff46500000,0x000000ff46600000)]
  0x00000278fb06e5b0 JavaThread "Attach Listener" daemon [_thread_blocked, id=13996, stack(0x000000ff46600000,0x000000ff46700000)]
  0x00000278fb071ca0 JavaThread "Service Thread" daemon [_thread_blocked, id=27424, stack(0x000000ff46700000,0x000000ff46800000)]
  0x00000278fb073280 JavaThread "Monitor Deflation Thread" daemon [_thread_blocked, id=27264, stack(0x000000ff46800000,0x000000ff46900000)]
  0x00000278fb079740 JavaThread "C2 CompilerThread0" daemon [_thread_in_native, id=27176, stack(0x000000ff46900000,0x000000ff46a00000)]
  0x00000278fb082830 JavaThread "C1 CompilerThread0" daemon [_thread_blocked, id=20676, stack(0x000000ff46a00000,0x000000ff46b00000)]
  0x00000278fb085250 JavaThread "Sweeper thread" daemon [_thread_blocked, id=24848, stack(0x000000ff46b00000,0x000000ff46c00000)]
  0x00000278fb21bb60 JavaThread "Common-Cleaner" daemon [_thread_blocked, id=25932, stack(0x000000ff46c00000,0x000000ff46d00000)]
  0x00000278fb21c440 JavaThread "Notification Thread" daemon [_thread_blocked, id=27488, stack(0x000000ff46d00000,0x000000ff46e00000)]
  0x00000278fb5380a0 JavaThread "C2 CompilerThread1" daemon [_thread_in_native, id=23076, stack(0x000000ff46f00000,0x000000ff47000000)]
  0x00000278fb3377b0 JavaThread "Daemon health stats" [_thread_blocked, id=21812, stack(0x000000ff47500000,0x000000ff47600000)]
  0x00000278fb338af0 JavaThread "Incoming local TCP Connector on port 61570" [_thread_in_native, id=2188, stack(0x000000ff47600000,0x000000ff47700000)]
  0x00000278fb33aca0 JavaThread "Daemon periodic checks" [_thread_blocked, id=16836, stack(0x000000ff47700000,0x000000ff47800000)]
  0x00000278fb33a7d0 JavaThread "Daemon" [_thread_blocked, id=11728, stack(0x000000ff47800000,0x000000ff47900000)]
  0x00000278fb338fc0 JavaThread "Handler for socket connection from /127.0.0.1:61570 to /127.0.0.1:61571" [_thread_in_native, id=26468, stack(0x000000ff47900000,0x000000ff47a00000)]
  0x00000278fb33b170 JavaThread "Cancel handler" [_thread_blocked, id=10196, stack(0x000000ff47a00000,0x000000ff47b00000)]
  0x00000278fb339e30 JavaThread "Daemon worker" [_thread_blocked, id=7516, stack(0x000000ff47b00000,0x000000ff47c00000)]
  0x00000278fb338150 JavaThread "Asynchronous log dispatcher for DefaultDaemonConnection: socket connection from /127.0.0.1:61570 to /127.0.0.1:61571" [_thread_blocked, id=12896, stack(0x000000ff47c00000,0x000000ff47d00000)]
  0x00000278fb339490 JavaThread "Stdin handler" [_thread_blocked, id=18380, stack(0x000000ff47d00000,0x000000ff47e00000)]
  0x00000278fb337c80 JavaThread "Daemon client event forwarder" [_thread_blocked, id=22032, stack(0x000000ff47e00000,0x000000ff47f00000)]
  0x00000278fb33a300 JavaThread "Cache worker for journal cache (C:\Users\juanj\.gradle\caches\journal-1)" [_thread_blocked, id=26408, stack(0x000000ff48300000,0x000000ff48400000)]
  0x00000278fb339960 JavaThread "File lock request listener" [_thread_in_native, id=18652, stack(0x000000ff48400000,0x000000ff48500000)]
  0x00000278fde3cf40 JavaThread "Cache worker for file hash cache (C:\Users\juanj\.gradle\caches\8.0\fileHashes)" [_thread_in_Java, id=24868, stack(0x000000ff48500000,0x000000ff48600000)]
  0x00000278fde412a0 JavaThread "File watcher server" daemon [_thread_in_native, id=21188, stack(0x000000ff48600000,0x000000ff48700000)]
  0x00000278fde3c5a0 JavaThread "File watcher consumer" daemon [_thread_blocked, id=14840, stack(0x000000ff48700000,0x000000ff48800000)]
  0x00000278fde3bc00 JavaThread "Cache worker for checksums cache (C:\Users\juanj\AndroidStudioProjects\androidUCEVA2321111113\.gradle\8.0\checksums)" [_thread_blocked, id=16800, stack(0x000000ff48800000,0x000000ff48900000)]
  0x00000278fde3c0d0 JavaThread "Cache worker for cache directory md-rule (C:\Users\juanj\.gradle\caches\8.0\md-rule)" [_thread_blocked, id=5088, stack(0x000000ff48900000,0x000000ff48a00000)]
  0x00000278fde3d8e0 JavaThread "Cache worker for file content cache (C:\Users\juanj\.gradle\caches\8.0\fileContent)" [_thread_blocked, id=21608, stack(0x000000ff48a00000,0x000000ff48b00000)]
  0x00000278fde41770 JavaThread "Cache worker for file hash cache (C:\Users\juanj\AndroidStudioProjects\androidUCEVA2321111113\.gradle\8.0\fileHashes)" [_thread_blocked, id=9192, stack(0x000000ff48b00000,0x000000ff48c00000)]
  0x00000278fde41c40 JavaThread "Cache worker for cache directory md-supplier (C:\Users\juanj\.gradle\caches\8.0\md-supplier)" [_thread_blocked, id=14460, stack(0x000000ff48c00000,0x000000ff48d00000)]
  0x00000278fde3b730 JavaThread "Cache worker for execution history cache (C:\Users\juanj\.gradle\caches\8.0\executionHistory)" [_thread_in_Java, id=24432, stack(0x000000ff48d00000,0x000000ff48e00000)]
  0x00000278fde3e280 JavaThread "jar transforms" [_thread_blocked, id=23568, stack(0x000000ff47000000,0x000000ff47100000)]
  0x00000278fde3ad90 JavaThread "jar transforms Thread 2" [_thread_blocked, id=21604, stack(0x000000ff48e00000,0x000000ff48f00000)]
=>0x000002788f379470 JavaThread "C2 CompilerThread2" daemon [_thread_in_native, id=23100, stack(0x000000ff48f00000,0x000000ff49000000)]
  0x00000278fde3e750 JavaThread "jar transforms Thread 3" [_thread_blocked, id=26308, stack(0x000000ff49100000,0x000000ff49200000)]
  0x00000278fde3ec20 JavaThread "jar transforms Thread 4" [_thread_blocked, id=24628, stack(0x000000ff49200000,0x000000ff49300000)]
  0x00000278fde3f0f0 JavaThread "Cache worker for dependencies-accessors (C:\Users\juanj\AndroidStudioProjects\androidUCEVA2321111113\.gradle\8.0\dependencies-accessors)" [_thread_blocked, id=23184, stack(0x000000ff49300000,0x000000ff49400000)]
  0x00000278fde3f5c0 JavaThread "jar transforms Thread 5" [_thread_blocked, id=16860, stack(0x000000ff49400000,0x000000ff49500000)]
  0x00000278fde40900 JavaThread "Cache worker for Build Output Cleanup Cache (C:\Users\juanj\AndroidStudioProjects\androidUCEVA2321111113\.gradle\buildOutputCleanup)" [_thread_blocked, id=5724, stack(0x000000ff49500000,0x000000ff49600000)]
  0x00000278fde40dd0 JavaThread "Unconstrained build operations" [_thread_blocked, id=22980, stack(0x000000ff49600000,0x000000ff49700000)]
  0x00000278fde3b260 JavaThread "Unconstrained build operations Thread 2" [_thread_blocked, id=16168, stack(0x000000ff49700000,0x000000ff49800000)]
  0x00000278fde425e0 JavaThread "Unconstrained build operations Thread 3" [_thread_blocked, id=22968, stack(0x000000ff49800000,0x000000ff49900000)]
  0x000002788f7d1530 JavaThread "Unconstrained build operations Thread 4" [_thread_blocked, id=26120, stack(0x000000ff49900000,0x000000ff49a00000)]
  0x000002788f7d2d40 JavaThread "Unconstrained build operations Thread 5" [_thread_blocked, id=22212, stack(0x000000ff49a00000,0x000000ff49b00000)]
  0x000002788f7d1a00 JavaThread "Unconstrained build operations Thread 6" [_thread_blocked, id=27516, stack(0x000000ff49b00000,0x000000ff49c00000)]
  0x000002788f7d1ed0 JavaThread "Unconstrained build operations Thread 7" [_thread_blocked, id=8428, stack(0x000000ff49c00000,0x000000ff49d00000)]
  0x000002788f7d23a0 JavaThread "Unconstrained build operations Thread 8" [_thread_blocked, id=27512, stack(0x000000ff49d00000,0x000000ff49e00000)]
  0x000002788f7d2870 JavaThread "Unconstrained build operations Thread 9" [_thread_blocked, id=16228, stack(0x000000ff49e00000,0x000000ff49f00000)]
  0x000002788f7d3210 JavaThread "Unconstrained build operations Thread 10" [_thread_blocked, id=24288, stack(0x000000ff49f00000,0x000000ff4a000000)]
  0x000002788f7d36e0 JavaThread "Unconstrained build operations Thread 11" [_thread_blocked, id=21852, stack(0x000000ff4a000000,0x000000ff4a100000)]
  0x000002788f7d4080 JavaThread "Unconstrained build operations Thread 12" [_thread_blocked, id=23588, stack(0x000000ff4a100000,0x000000ff4a200000)]
  0x000002788f7d3bb0 JavaThread "Unconstrained build operations Thread 13" [_thread_blocked, id=5320, stack(0x000000ff4a200000,0x000000ff4a300000)]
  0x000002788f7d4550 JavaThread "Unconstrained build operations Thread 14" [_thread_blocked, id=24400, stack(0x000000ff4a300000,0x000000ff4a400000)]
  0x000002788f7d4a20 JavaThread "Unconstrained build operations Thread 15" [_thread_blocked, id=22492, stack(0x000000ff4a400000,0x000000ff4a500000)]
  0x000002788f7d1060 JavaThread "Unconstrained build operations Thread 16" [_thread_blocked, id=26448, stack(0x000000ff4a500000,0x000000ff4a600000)]
  0x000002788f5fb250 JavaThread "Unconstrained build operations Thread 17" [_thread_blocked, id=15920, stack(0x000000ff4a600000,0x000000ff4a700000)]
  0x000002788f5f9a40 JavaThread "Unconstrained build operations Thread 18" [_thread_blocked, id=25780, stack(0x000000ff4a700000,0x000000ff4a800000)]
  0x000002788f5f8700 JavaThread "Unconstrained build operations Thread 19" [_thread_blocked, id=22956, stack(0x000000ff4a800000,0x000000ff4a900000)]
  0x000002788f5f90a0 JavaThread "Unconstrained build operations Thread 20" [_thread_blocked, id=23424, stack(0x000000ff4a900000,0x000000ff4aa00000)]
  0x000002788f5f8bd0 JavaThread "Unconstrained build operations Thread 21" [_thread_blocked, id=21336, stack(0x000000ff4aa00000,0x000000ff4ab00000)]
  0x000002788f5f9570 JavaThread "Unconstrained build operations Thread 22" [_thread_blocked, id=24964, stack(0x000000ff4ab00000,0x000000ff4ac00000)]
  0x000002788f5fa3e0 JavaThread "Unconstrained build operations Thread 23" [_thread_blocked, id=8488, stack(0x000000ff4ac00000,0x000000ff4ad00000)]
  0x000002788f5f7890 JavaThread "Unconstrained build operations Thread 24" [_thread_blocked, id=21080, stack(0x000000ff4ad00000,0x000000ff4ae00000)]
  0x000002788f5f9f10 JavaThread "Unconstrained build operations Thread 25" [_thread_blocked, id=15368, stack(0x000000ff4ae00000,0x000000ff4af00000)]
  0x000002788f5fdda0 JavaThread "Unconstrained build operations Thread 26" [_thread_blocked, id=21968, stack(0x000000ff4af00000,0x000000ff4b000000)]
  0x000002788f5fc0c0 JavaThread "Unconstrained build operations Thread 27" [_thread_blocked, id=25300, stack(0x000000ff4b000000,0x000000ff4b100000)]
  0x000002788f5fc590 JavaThread "Unconstrained build operations Thread 28" [_thread_blocked, id=25432, stack(0x000000ff4b100000,0x000000ff4b200000)]
  0x000002788f5fec10 JavaThread "Unconstrained build operations Thread 29" [_thread_blocked, id=20056, stack(0x000000ff4b200000,0x000000ff4b300000)]
  0x000002788f5fe740 JavaThread "Unconstrained build operations Thread 30" [_thread_blocked, id=27136, stack(0x000000ff4b300000,0x000000ff4b400000)]
  0x000002788f5fca60 JavaThread "Unconstrained build operations Thread 31" [_thread_blocked, id=18684, stack(0x000000ff4b400000,0x000000ff4b500000)]
  0x000002788f5fd8d0 JavaThread "Unconstrained build operations Thread 32" [_thread_blocked, id=23904, stack(0x000000ff4b500000,0x000000ff4b600000)]
  0x000002788f5fa8b0 JavaThread "Unconstrained build operations Thread 33" [_thread_blocked, id=11256, stack(0x000000ff4b600000,0x000000ff4b700000)]
  0x000002788f5fad80 JavaThread "Unconstrained build operations Thread 34" [_thread_blocked, id=20464, stack(0x000000ff4b700000,0x000000ff4b800000)]
  0x000002788f5fb720 JavaThread "Unconstrained build operations Thread 35" [_thread_blocked, id=23404, stack(0x000000ff4b800000,0x000000ff4b900000)]
  0x000002788f5fbbf0 JavaThread "Unconstrained build operations Thread 36" [_thread_blocked, id=22784, stack(0x000000ff4b900000,0x000000ff4ba00000)]
  0x000002788f5fcf30 JavaThread "Unconstrained build operations Thread 37" [_thread_blocked, id=8808, stack(0x000000ff4ba00000,0x000000ff4bb00000)]
  0x000002788f5fd400 JavaThread "Unconstrained build operations Thread 38" [_thread_blocked, id=19156, stack(0x000000ff4bb00000,0x000000ff4bc00000)]
  0x000002788f5fe270 JavaThread "Unconstrained build operations Thread 39" [_thread_blocked, id=20604, stack(0x000000ff4bc00000,0x000000ff4bd00000)]
  0x000002788f5ff0e0 JavaThread "Unconstrained build operations Thread 40" [_thread_blocked, id=25612, stack(0x000000ff4bd00000,0x000000ff4be00000)]
  0x000002788f5f7d60 JavaThread "Unconstrained build operations Thread 41" [_thread_blocked, id=8440, stack(0x000000ff4be00000,0x000000ff4bf00000)]
  0x000002788f5f8230 JavaThread "Unconstrained build operations Thread 42" [_thread_blocked, id=24652, stack(0x000000ff4bf00000,0x000000ff4c000000)]
  0x00000278fdfbcd10 JavaThread "Unconstrained build operations Thread 43" [_thread_blocked, id=25832, stack(0x000000ff4c000000,0x000000ff4c100000)]
  0x00000278fdfbb9d0 JavaThread "Unconstrained build operations Thread 44" [_thread_blocked, id=8744, stack(0x000000ff4c100000,0x000000ff4c200000)]
  0x00000278fdfbbea0 JavaThread "Unconstrained build operations Thread 45" [_thread_blocked, id=26932, stack(0x000000ff4c200000,0x000000ff4c300000)]
  0x00000278fdfc2880 JavaThread "Unconstrained build operations Thread 46" [_thread_blocked, id=23400, stack(0x000000ff4c300000,0x000000ff4c400000)]
  0x00000278fdfbfd30 JavaThread "Unconstrained build operations Thread 47" [_thread_blocked, id=19596, stack(0x000000ff4c400000,0x000000ff4c500000)]
  0x00000278fdfbdb80 JavaThread "Unconstrained build operations Thread 48" [_thread_blocked, id=22636, stack(0x000000ff4c500000,0x000000ff4c600000)]
  0x00000278fdfbb030 JavaThread "Unconstrained build operations Thread 49" [_thread_blocked, id=15024, stack(0x000000ff4c600000,0x000000ff4c700000)]
  0x00000278fdfbf860 JavaThread "Unconstrained build operations Thread 50" [_thread_blocked, id=18904, stack(0x000000ff4c700000,0x000000ff4c800000)]
  0x00000278fdfbb500 JavaThread "Unconstrained build operations Thread 51" [_thread_blocked, id=27496, stack(0x000000ff4c800000,0x000000ff4c900000)]
  0x00000278fdfc0200 JavaThread "Unconstrained build operations Thread 52" [_thread_blocked, id=22128, stack(0x000000ff4c900000,0x000000ff4ca00000)]
  0x00000278fdfc1ee0 JavaThread "Unconstrained build operations Thread 53" [_thread_blocked, id=22628, stack(0x000000ff4ca00000,0x000000ff4cb00000)]
  0x00000278fdfc1a10 JavaThread "Unconstrained build operations Thread 54" [_thread_blocked, id=23964, stack(0x000000ff4cb00000,0x000000ff4cc00000)]
  0x00000278fdfbc370 JavaThread "Unconstrained build operations Thread 55" [_thread_blocked, id=25708, stack(0x000000ff4cc00000,0x000000ff4cd00000)]
  0x00000278fdfbc840 JavaThread "Unconstrained build operations Thread 56" [_thread_blocked, id=26172, stack(0x000000ff4cd00000,0x000000ff4ce00000)]
  0x00000278fdfbe050 JavaThread "Unconstrained build operations Thread 57" [_thread_blocked, id=12724, stack(0x000000ff4ce00000,0x000000ff4cf00000)]
  0x00000278fdfbd1e0 JavaThread "Unconstrained build operations Thread 58" [_thread_in_Java, id=21312, stack(0x000000ff4cf00000,0x000000ff4d000000)]
  0x00000278fdfc23b0 JavaThread "Unconstrained build operations Thread 59" [_thread_blocked, id=24604, stack(0x000000ff4d000000,0x000000ff4d100000)]
  0x00000278fdfbd6b0 JavaThread "Unconstrained build operations Thread 60" [_thread_blocked, id=19824, stack(0x000000ff4d100000,0x000000ff4d200000)]
  0x00000278fdfbe520 JavaThread "Unconstrained build operations Thread 61" [_thread_blocked, id=14560, stack(0x000000ff4d200000,0x000000ff4d300000)]
  0x00000278fdfbe9f0 JavaThread "Unconstrained build operations Thread 62" [_thread_blocked, id=17352, stack(0x000000ff4d300000,0x000000ff4d400000)]
  0x00000278fdfbeec0 JavaThread "Unconstrained build operations Thread 63" [_thread_blocked, id=27492, stack(0x000000ff4d400000,0x000000ff4d500000)]
  0x00000278fdfbf390 JavaThread "Unconstrained build operations Thread 64" [_thread_blocked, id=27540, stack(0x000000ff4d500000,0x000000ff4d600000)]
  0x00000278fdfc06d0 JavaThread "Unconstrained build operations Thread 65" [_thread_blocked, id=25684, stack(0x000000ff4d600000,0x000000ff4d700000)]
  0x00000278fdfc0ba0 JavaThread "Unconstrained build operations Thread 66" [_thread_blocked, id=156, stack(0x000000ff4d700000,0x000000ff4d800000)]
  0x00000278fdfc1070 JavaThread "Unconstrained build operations Thread 67" [_thread_blocked, id=23204, stack(0x000000ff4d800000,0x000000ff4d900000)]
  0x00000278fdfc1540 JavaThread "Unconstrained build operations Thread 68" [_thread_blocked, id=18804, stack(0x000000ff4d900000,0x000000ff4da00000)]
  0x000002788f267560 JavaThread "Unconstrained build operations Thread 69" [_thread_blocked, id=4480, stack(0x000000ff4da00000,0x000000ff4db00000)]
  0x000002788f264ee0 JavaThread "Unconstrained build operations Thread 70" [_thread_blocked, id=10840, stack(0x000000ff4db00000,0x000000ff4dc00000)]
  0x000002788f2683d0 JavaThread "Unconstrained build operations Thread 71" [_thread_blocked, id=1048, stack(0x000000ff4dc00000,0x000000ff4dd00000)]
  0x000002788f264a10 JavaThread "Unconstrained build operations Thread 72" [_thread_blocked, id=14932, stack(0x000000ff4dd00000,0x000000ff4de00000)]
  0x000002788f268d70 JavaThread "Unconstrained build operations Thread 73" [_thread_blocked, id=24796, stack(0x000000ff4de00000,0x000000ff4df00000)]
  0x000002788f267a30 JavaThread "Unconstrained build operations Thread 74" [_thread_blocked, id=8800, stack(0x000000ff4df00000,0x000000ff4e000000)]
  0x000002788f265880 JavaThread "Unconstrained build operations Thread 75" [_thread_blocked, id=15436, stack(0x000000ff4e000000,0x000000ff4e100000)]
  0x000002788f264070 JavaThread "Unconstrained build operations Thread 76" [_thread_blocked, id=23468, stack(0x000000ff4e100000,0x000000ff4e200000)]
  0x000002788f264540 JavaThread "Unconstrained build operations Thread 77" [_thread_blocked, id=1308, stack(0x000000ff4e200000,0x000000ff4e300000)]
  0x000002788f2688a0 JavaThread "Unconstrained build operations Thread 78" [_thread_blocked, id=6628, stack(0x000000ff4e300000,0x000000ff4e400000)]
  0x000002788f2666f0 JavaThread "Unconstrained build operations Thread 79" [_thread_blocked, id=6604, stack(0x000000ff4e400000,0x000000ff4e500000)]
  0x000002788f265d50 JavaThread "Unconstrained build operations Thread 80" [_thread_blocked, id=6828, stack(0x000000ff4e500000,0x000000ff4e600000)]
  0x000002788f262860 JavaThread "jar transforms Thread 6" [_thread_blocked, id=8756, stack(0x000000ff4e600000,0x000000ff4e700000)]
  0x000002788f2653b0 JavaThread "jar transforms Thread 7" [_thread_blocked, id=4564, stack(0x000000ff4e700000,0x000000ff4e800000)]
  0x000002788f266220 JavaThread "jar transforms Thread 8" [_thread_blocked, id=8472, stack(0x000000ff4e800000,0x000000ff4e900000)]
  0x000002788f267090 JavaThread "build event listener" [_thread_blocked, id=25248, stack(0x000000ff4e900000,0x000000ff4ea00000)]
  0x000002788f2619f0 JavaThread "Memory manager" [_thread_blocked, id=23360, stack(0x000000ff4ea00000,0x000000ff4eb00000)]
  0x00000278fb338620 JavaThread "included builds" [_thread_blocked, id=27368, stack(0x000000ff4eb00000,0x000000ff4ec00000)]
  0x00000278943462b0 JavaThread "Execution worker" [_thread_blocked, id=23148, stack(0x000000ff4ec00000,0x000000ff4ed00000)]
  0x0000027894347ac0 JavaThread "Execution worker Thread 2" [_thread_blocked, id=7468, stack(0x000000ff4ed00000,0x000000ff4ee00000)]
  0x0000027894347120 JavaThread "Execution worker Thread 3" [_thread_blocked, id=22812, stack(0x000000ff4ee00000,0x000000ff4ef00000)]
  0x0000027894347f90 JavaThread "Execution worker Thread 4" [_thread_blocked, id=26876, stack(0x000000ff4ef00000,0x000000ff4f000000)]
  0x0000027894346780 JavaThread "Execution worker Thread 5" [_thread_blocked, id=27560, stack(0x000000ff4f000000,0x000000ff4f100000)]
  0x00000278943445d0 JavaThread "Execution worker Thread 6" [_thread_blocked, id=21072, stack(0x000000ff4f100000,0x000000ff4f200000)]
  0x0000027894348930 JavaThread "Execution worker Thread 7" [_thread_blocked, id=26504, stack(0x000000ff4f200000,0x000000ff4f300000)]
  0x0000027894346c50 JavaThread "Cache worker for execution history cache (C:\Users\juanj\AndroidStudioProjects\androidUCEVA2321111113\.gradle\8.0\executionHistory)" [_thread_blocked, id=15552, stack(0x000000ff4f300000,0x000000ff4f400000)]

Other Threads:
  0x00000278fb01f630 VMThread "VM Thread" [stack: 0x000000ff46200000,0x000000ff46300000] [id=22908]
  0x00000278fb219830 WatcherThread [stack: 0x000000ff46e00000,0x000000ff46f00000] [id=17976]
  0x00000278ef986740 GCTaskThread "GC Thread#0" [stack: 0x000000ff45d00000,0x000000ff45e00000] [id=8080]
  0x00000278fbd1e850 GCTaskThread "GC Thread#1" [stack: 0x000000ff47100000,0x000000ff47200000] [id=25916]
  0x00000278fc085620 GCTaskThread "GC Thread#2" [stack: 0x000000ff47200000,0x000000ff47300000] [id=10388]
  0x00000278fb975380 GCTaskThread "GC Thread#3" [stack: 0x000000ff47300000,0x000000ff47400000] [id=14224]
  0x00000278fb975630 GCTaskThread "GC Thread#4" [stack: 0x000000ff47400000,0x000000ff47500000] [id=24840]
  0x00000278fdf33c40 GCTaskThread "GC Thread#5" [stack: 0x000000ff47f00000,0x000000ff48000000] [id=26904]
  0x00000278fbebecd0 GCTaskThread "GC Thread#6" [stack: 0x000000ff48000000,0x000000ff48100000] [id=21960]
  0x00000278fdcc2230 GCTaskThread "GC Thread#7" [stack: 0x000000ff48100000,0x000000ff48200000] [id=23728]
  0x00000278ef997e90 ConcurrentGCThread "G1 Main Marker" [stack: 0x000000ff45e00000,0x000000ff45f00000] [id=13284]
  0x00000278ef9988a0 ConcurrentGCThread "G1 Conc#0" [stack: 0x000000ff45f00000,0x000000ff46000000] [id=24208]
  0x00000278fcaef7c0 ConcurrentGCThread "G1 Conc#1" [stack: 0x000000ff48200000,0x000000ff48300000] [id=25440]
  0x00000278ef9ee480 ConcurrentGCThread "G1 Refine#0" [stack: 0x000000ff46000000,0x000000ff46100000] [id=19500]
  0x00000278fe6b2410 ConcurrentGCThread "G1 Refine#1" [stack: 0x000000ff49000000,0x000000ff49100000] [id=25496]
  0x00000278fa632560 ConcurrentGCThread "G1 Service" [stack: 0x000000ff46100000,0x000000ff46200000] [id=25280]

Threads with active compile tasks:
C2 CompilerThread0    12159 8566       4       java.lang.reflect.Constructor::newInstanceWithCaller (75 bytes)
C1 CompilerThread0    12159 8899       3       com.google.common.collect.MapMakerInternalMap$Segment::drainKeyReferenceQueue (42 bytes)
C2 CompilerThread1    12159 8320       4       com.sun.beans.TypeResolver::resolve (37 bytes)
C2 CompilerThread2    12159 8372       4       java.beans.Introspector::addMethod (196 bytes)

VM state: not at safepoint (normal execution)

VM Mutex/Monitor currently owned by a thread: None

Heap address: 0x0000000080000000, size: 2048 MB, Compressed Oops mode: 32-bit

CDS archive(s) not mapped
Compressed class space mapped at: 0x0000000100000000-0x0000000140000000, reserved size: 1073741824
Narrow klass base: 0x0000000000000000, Narrow klass shift: 3, Narrow klass range: 0x140000000

GC Precious Log:
 CPUs: 8 total, 8 available
 Memory: 15274M
 Large Page Support: Disabled
 NUMA Support: Disabled
 Compressed Oops: Enabled (32-bit)
 Heap Region Size: 1M
 Heap Min Capacity: 8M
 Heap Initial Capacity: 240M
 Heap Max Capacity: 2G
 Pre-touch: Disabled
 Parallel Workers: 8
 Concurrent Workers: 2
 Concurrent Refinement Workers: 8
 Periodic GC: Disabled

Heap:
 garbage-first heap   total 140288K, used 90161K [0x0000000080000000, 0x0000000100000000)
  region size 1024K, 23 young (23552K), 7 survivors (7168K)
 Metaspace       used 84208K, committed 84864K, reserved 1122304K
  class space    used 11636K, committed 11968K, reserved 1048576K

Heap Regions: E=young(eden), S=young(survivor), O=old, HS=humongous(starts), HC=humongous(continues), CS=collection set, F=free, OA=open archive, CA=closed archive, TAMS=top-at-mark-start (previous, next)
|   0|0x0000000080000000, 0x0000000080100000, 0x0000000080100000|100%|HS|  |TAMS 0x0000000080100000, 0x0000000080000000| Complete 
|   1|0x0000000080100000, 0x0000000080200000, 0x0000000080200000|100%|HC|  |TAMS 0x0000000080200000, 0x0000000080100000| Complete 
|   2|0x0000000080200000, 0x0000000080300000, 0x0000000080300000|100%|HC|  |TAMS 0x0000000080300000, 0x0000000080200000| Complete 
|   3|0x0000000080300000, 0x0000000080400000, 0x0000000080400000|100%|HC|  |TAMS 0x0000000080400000, 0x0000000080300000| Complete 
|   4|0x0000000080400000, 0x0000000080500000, 0x0000000080500000|100%| O|  |TAMS 0x0000000080500000, 0x0000000080400000| Untracked 
|   5|0x0000000080500000, 0x0000000080600000, 0x0000000080600000|100%| O|  |TAMS 0x0000000080600000, 0x0000000080500000| Untracked 
|   6|0x0000000080600000, 0x0000000080700000, 0x0000000080700000|100%| O|  |TAMS 0x0000000080700000, 0x0000000080600000| Untracked 
|   7|0x0000000080700000, 0x0000000080800000, 0x0000000080800000|100%| O|  |TAMS 0x0000000080800000, 0x0000000080700000| Untracked 
|   8|0x0000000080800000, 0x0000000080900000, 0x0000000080900000|100%| O|  |TAMS 0x0000000080900000, 0x0000000080800000| Untracked 
|   9|0x0000000080900000, 0x0000000080a00000, 0x0000000080a00000|100%| O|  |TAMS 0x0000000080a00000, 0x0000000080900000| Untracked 
|  10|0x0000000080a00000, 0x0000000080b00000, 0x0000000080b00000|100%| O|  |TAMS 0x0000000080b00000, 0x0000000080a00000| Untracked 
|  11|0x0000000080b00000, 0x0000000080b55e00, 0x0000000080c00000| 33%| O|  |TAMS 0x0000000080b55e00, 0x0000000080b00000| Untracked 
|  12|0x0000000080c00000, 0x0000000080d00000, 0x0000000080d00000|100%| O|  |TAMS 0x0000000080d00000, 0x0000000080c00000| Untracked 
|  13|0x0000000080d00000, 0x0000000080e00000, 0x0000000080e00000|100%| O|  |TAMS 0x0000000080e00000, 0x0000000080d00000| Untracked 
|  14|0x0000000080e00000, 0x0000000080f00000, 0x0000000080f00000|100%| O|  |TAMS 0x0000000080f00000, 0x0000000080e00000| Untracked 
|  15|0x0000000080f00000, 0x0000000081000000, 0x0000000081000000|100%| O|  |TAMS 0x0000000081000000, 0x0000000080f00000| Untracked 
|  16|0x0000000081000000, 0x0000000081100000, 0x0000000081100000|100%| O|  |TAMS 0x0000000081100000, 0x0000000081000000| Untracked 
|  17|0x0000000081100000, 0x0000000081200000, 0x0000000081200000|100%| O|  |TAMS 0x0000000081200000, 0x0000000081100000| Untracked 
|  18|0x0000000081200000, 0x0000000081300000, 0x0000000081300000|100%| O|  |TAMS 0x0000000081300000, 0x0000000081200000| Untracked 
|  19|0x0000000081300000, 0x0000000081400000, 0x0000000081400000|100%| O|  |TAMS 0x0000000081400000, 0x0000000081300000| Untracked 
|  20|0x0000000081400000, 0x0000000081500000, 0x0000000081500000|100%| O|  |TAMS 0x0000000081500000, 0x0000000081400000| Untracked 
|  21|0x0000000081500000, 0x0000000081600000, 0x0000000081600000|100%| O|  |TAMS 0x0000000081600000, 0x0000000081500000| Untracked 
|  22|0x0000000081600000, 0x0000000081700000, 0x0000000081700000|100%| O|  |TAMS 0x0000000081700000, 0x0000000081600000| Untracked 
|  23|0x0000000081700000, 0x0000000081800000, 0x0000000081800000|100%| O|  |TAMS 0x0000000081800000, 0x0000000081700000| Untracked 
|  24|0x0000000081800000, 0x0000000081900000, 0x0000000081900000|100%| O|  |TAMS 0x0000000081900000, 0x0000000081800000| Untracked 
|  25|0x0000000081900000, 0x0000000081a00000, 0x0000000081a00000|100%| O|  |TAMS 0x0000000081a00000, 0x0000000081900000| Untracked 
|  26|0x0000000081a00000, 0x0000000081b00000, 0x0000000081b00000|100%| O|  |TAMS 0x0000000081b00000, 0x0000000081a00000| Untracked 
|  27|0x0000000081b00000, 0x0000000081c00000, 0x0000000081c00000|100%| O|  |TAMS 0x0000000081c00000, 0x0000000081b00000| Untracked 
|  28|0x0000000081c00000, 0x0000000081d00000, 0x0000000081d00000|100%| O|  |TAMS 0x0000000081d00000, 0x0000000081c00000| Untracked 
|  29|0x0000000081d00000, 0x0000000081e00000, 0x0000000081e00000|100%| O|  |TAMS 0x0000000081e00000, 0x0000000081d00000| Untracked 
|  30|0x0000000081e00000, 0x0000000081f00000, 0x0000000081f00000|100%| O|  |TAMS 0x0000000081f00000, 0x0000000081e00000| Untracked 
|  31|0x0000000081f00000, 0x0000000082000000, 0x0000000082000000|100%| O|  |TAMS 0x0000000082000000, 0x0000000081f00000| Untracked 
|  32|0x0000000082000000, 0x0000000082100000, 0x0000000082100000|100%| O|  |TAMS 0x0000000082100000, 0x0000000082000000| Untracked 
|  33|0x0000000082100000, 0x0000000082200000, 0x0000000082200000|100%|HS|  |TAMS 0x0000000082200000, 0x0000000082100000| Complete 
|  34|0x0000000082200000, 0x0000000082300000, 0x0000000082300000|100%|HS|  |TAMS 0x0000000082300000, 0x0000000082200000| Complete 
|  35|0x0000000082300000, 0x0000000082400000, 0x0000000082400000|100%|HS|  |TAMS 0x0000000082400000, 0x0000000082300000| Complete 
|  36|0x0000000082400000, 0x0000000082500000, 0x0000000082500000|100%| O|  |TAMS 0x0000000082500000, 0x0000000082400000| Untracked 
|  37|0x0000000082500000, 0x0000000082600000, 0x0000000082600000|100%| O|  |TAMS 0x0000000082600000, 0x0000000082500000| Untracked 
|  38|0x0000000082600000, 0x0000000082700000, 0x0000000082700000|100%| O|  |TAMS 0x0000000082700000, 0x0000000082600000| Untracked 
|  39|0x0000000082700000, 0x0000000082800000, 0x0000000082800000|100%| O|  |TAMS 0x0000000082800000, 0x0000000082700000| Untracked 
|  40|0x0000000082800000, 0x0000000082900000, 0x0000000082900000|100%| O|  |TAMS 0x0000000082900000, 0x0000000082800000| Untracked 
|  41|0x0000000082900000, 0x0000000082a00000, 0x0000000082a00000|100%| O|  |TAMS 0x0000000082a00000, 0x0000000082900000| Untracked 
|  42|0x0000000082a00000, 0x0000000082b00000, 0x0000000082b00000|100%| O|  |TAMS 0x0000000082b00000, 0x0000000082a00000| Untracked 
|  43|0x0000000082b00000, 0x0000000082c00000, 0x0000000082c00000|100%| O|  |TAMS 0x0000000082c00000, 0x0000000082b00000| Untracked 
|  44|0x0000000082c00000, 0x0000000082d00000, 0x0000000082d00000|100%| O|  |TAMS 0x0000000082d00000, 0x0000000082c00000| Untracked 
|  45|0x0000000082d00000, 0x0000000082e00000, 0x0000000082e00000|100%| O|  |TAMS 0x0000000082d99200, 0x0000000082d00000| Untracked 
|  46|0x0000000082e00000, 0x0000000082f00000, 0x0000000082f00000|100%| O|  |TAMS 0x0000000082e00000, 0x0000000082e00000| Untracked 
|  47|0x0000000082f00000, 0x0000000083000000, 0x0000000083000000|100%| O|  |TAMS 0x0000000082f00000, 0x0000000082f00000| Untracked 
|  48|0x0000000083000000, 0x0000000083100000, 0x0000000083100000|100%| O|  |TAMS 0x0000000083000000, 0x0000000083000000| Untracked 
|  49|0x0000000083100000, 0x0000000083200000, 0x0000000083200000|100%| O|  |TAMS 0x0000000083100000, 0x0000000083100000| Untracked 
|  50|0x0000000083200000, 0x0000000083300000, 0x0000000083300000|100%| O|  |TAMS 0x0000000083200000, 0x0000000083200000| Untracked 
|  51|0x0000000083300000, 0x0000000083400000, 0x0000000083400000|100%| O|  |TAMS 0x0000000083300000, 0x0000000083300000| Untracked 
|  52|0x0000000083400000, 0x0000000083500000, 0x0000000083500000|100%| O|  |TAMS 0x0000000083400000, 0x0000000083400000| Untracked 
|  53|0x0000000083500000, 0x0000000083600000, 0x0000000083600000|100%| O|  |TAMS 0x0000000083500000, 0x0000000083500000| Untracked 
|  54|0x0000000083600000, 0x0000000083700000, 0x0000000083700000|100%| O|  |TAMS 0x0000000083600000, 0x0000000083600000| Untracked 
|  55|0x0000000083700000, 0x0000000083800000, 0x0000000083800000|100%| O|  |TAMS 0x0000000083700000, 0x0000000083700000| Untracked 
|  56|0x0000000083800000, 0x0000000083900000, 0x0000000083900000|100%| O|  |TAMS 0x0000000083800000, 0x0000000083800000| Untracked 
|  57|0x0000000083900000, 0x0000000083a00000, 0x0000000083a00000|100%| O|  |TAMS 0x0000000083900000, 0x0000000083900000| Untracked 
|  58|0x0000000083a00000, 0x0000000083b00000, 0x0000000083b00000|100%| O|  |TAMS 0x0000000083a00000, 0x0000000083a00000| Untracked 
|  59|0x0000000083b00000, 0x0000000083c00000, 0x0000000083c00000|100%| O|  |TAMS 0x0000000083b00000, 0x0000000083b00000| Untracked 
|  60|0x0000000083c00000, 0x0000000083d00000, 0x0000000083d00000|100%| O|  |TAMS 0x0000000083c00000, 0x0000000083c00000| Untracked 
|  61|0x0000000083d00000, 0x0000000083e00000, 0x0000000083e00000|100%| O|  |TAMS 0x0000000083d00000, 0x0000000083d00000| Untracked 
|  62|0x0000000083e00000, 0x0000000083f00000, 0x0000000083f00000|100%| O|  |TAMS 0x0000000083e00000, 0x0000000083e00000| Untracked 
|  63|0x0000000083f00000, 0x0000000084000000, 0x0000000084000000|100%| O|  |TAMS 0x0000000083f00000, 0x0000000083f00000| Untracked 
|  64|0x0000000084000000, 0x0000000084100000, 0x0000000084100000|100%| O|  |TAMS 0x0000000084000000, 0x0000000084000000| Untracked 
|  65|0x0000000084100000, 0x0000000084200000, 0x0000000084200000|100%| O|  |TAMS 0x0000000084100000, 0x0000000084100000| Untracked 
|  66|0x0000000084200000, 0x00000000842e6800, 0x0000000084300000| 90%| O|  |TAMS 0x0000000084200000, 0x0000000084200000| Untracked 
|  67|0x0000000084300000, 0x0000000084300000, 0x0000000084400000|  0%| F|  |TAMS 0x0000000084300000, 0x0000000084300000| Untracked 
|  68|0x0000000084400000, 0x0000000084400000, 0x0000000084500000|  0%| F|  |TAMS 0x0000000084400000, 0x0000000084400000| Untracked 
|  69|0x0000000084500000, 0x0000000084500000, 0x0000000084600000|  0%| F|  |TAMS 0x0000000084500000, 0x0000000084500000| Untracked 
|  70|0x0000000084600000, 0x0000000084600000, 0x0000000084700000|  0%| F|  |TAMS 0x0000000084600000, 0x0000000084600000| Untracked 
|  71|0x0000000084700000, 0x0000000084700000, 0x0000000084800000|  0%| F|  |TAMS 0x0000000084700000, 0x0000000084700000| Untracked 
|  72|0x0000000084800000, 0x0000000084800000, 0x0000000084900000|  0%| F|  |TAMS 0x0000000084800000, 0x0000000084800000| Untracked 
|  73|0x0000000084900000, 0x0000000084900000, 0x0000000084a00000|  0%| F|  |TAMS 0x0000000084900000, 0x0000000084900000| Untracked 
|  74|0x0000000084a00000, 0x0000000084a00000, 0x0000000084b00000|  0%| F|  |TAMS 0x0000000084a00000, 0x0000000084a00000| Untracked 
|  75|0x0000000084b00000, 0x0000000084b00000, 0x0000000084c00000|  0%| F|  |TAMS 0x0000000084b00000, 0x0000000084b00000| Untracked 
|  76|0x0000000084c00000, 0x0000000084c00000, 0x0000000084d00000|  0%| F|  |TAMS 0x0000000084c00000, 0x0000000084c00000| Untracked 
|  77|0x0000000084d00000, 0x0000000084d00000, 0x0000000084e00000|  0%| F|  |TAMS 0x0000000084d00000, 0x0000000084d00000| Untracked 
|  78|0x0000000084e00000, 0x0000000084e00000, 0x0000000084f00000|  0%| F|  |TAMS 0x0000000084e00000, 0x0000000084e00000| Untracked 
|  79|0x0000000084f00000, 0x0000000084f00000, 0x0000000085000000|  0%| F|  |TAMS 0x0000000084f00000, 0x0000000084f00000| Untracked 
|  80|0x0000000085000000, 0x0000000085000000, 0x0000000085100000|  0%| F|  |TAMS 0x0000000085000000, 0x0000000085000000| Untracked 
|  81|0x0000000085100000, 0x00000000851cfee0, 0x0000000085200000| 81%| S|CS|TAMS 0x0000000085100000, 0x0000000085100000| Complete 
|  82|0x0000000085200000, 0x0000000085300000, 0x0000000085300000|100%| S|CS|TAMS 0x0000000085200000, 0x0000000085200000| Complete 
|  83|0x0000000085300000, 0x0000000085400000, 0x0000000085400000|100%| S|CS|TAMS 0x0000000085300000, 0x0000000085300000| Complete 
|  84|0x0000000085400000, 0x0000000085400000, 0x0000000085500000|  0%| F|  |TAMS 0x0000000085400000, 0x0000000085400000| Untracked 
|  85|0x0000000085500000, 0x0000000085500000, 0x0000000085600000|  0%| F|  |TAMS 0x0000000085500000, 0x0000000085500000| Untracked 
|  86|0x0000000085600000, 0x0000000085600000, 0x0000000085700000|  0%| F|  |TAMS 0x0000000085600000, 0x0000000085600000| Untracked 
|  87|0x0000000085700000, 0x0000000085700000, 0x0000000085800000|  0%| F|  |TAMS 0x0000000085700000, 0x0000000085700000| Untracked 
|  88|0x0000000085800000, 0x0000000085800000, 0x0000000085900000|  0%| F|  |TAMS 0x0000000085800000, 0x0000000085800000| Untracked 
|  89|0x0000000085900000, 0x0000000085900000, 0x0000000085a00000|  0%| F|  |TAMS 0x0000000085900000, 0x0000000085900000| Untracked 
|  90|0x0000000085a00000, 0x0000000085a00000, 0x0000000085b00000|  0%| F|  |TAMS 0x0000000085a00000, 0x0000000085a00000| Untracked 
|  91|0x0000000085b00000, 0x0000000085c00000, 0x0000000085c00000|100%| S|CS|TAMS 0x0000000085b00000, 0x0000000085b00000| Complete 
|  92|0x0000000085c00000, 0x0000000085d00000, 0x0000000085d00000|100%| S|CS|TAMS 0x0000000085c00000, 0x0000000085c00000| Complete 
|  93|0x0000000085d00000, 0x0000000085e00000, 0x0000000085e00000|100%| S|CS|TAMS 0x0000000085d00000, 0x0000000085d00000| Complete 
|  94|0x0000000085e00000, 0x0000000085f00000, 0x0000000085f00000|100%| S|CS|TAMS 0x0000000085e00000, 0x0000000085e00000| Complete 
|  95|0x0000000085f00000, 0x0000000085f00000, 0x0000000086000000|  0%| F|  |TAMS 0x0000000085f00000, 0x0000000085f00000| Untracked 
|  96|0x0000000086000000, 0x0000000086000000, 0x0000000086100000|  0%| F|  |TAMS 0x0000000086000000, 0x0000000086000000| Untracked 
|  97|0x0000000086100000, 0x0000000086100000, 0x0000000086200000|  0%| F|  |TAMS 0x0000000086100000, 0x0000000086100000| Untracked 
|  98|0x0000000086200000, 0x0000000086200000, 0x0000000086300000|  0%| F|  |TAMS 0x0000000086200000, 0x0000000086200000| Untracked 
|  99|0x0000000086300000, 0x0000000086300000, 0x0000000086400000|  0%| F|  |TAMS 0x0000000086300000, 0x0000000086300000| Untracked 
| 100|0x0000000086400000, 0x0000000086400000, 0x0000000086500000|  0%| F|  |TAMS 0x0000000086400000, 0x0000000086400000| Untracked 
| 101|0x0000000086500000, 0x0000000086500000, 0x0000000086600000|  0%| F|  |TAMS 0x0000000086500000, 0x0000000086500000| Untracked 
| 102|0x0000000086600000, 0x0000000086600000, 0x0000000086700000|  0%| F|  |TAMS 0x0000000086600000, 0x0000000086600000| Untracked 
| 103|0x0000000086700000, 0x0000000086700000, 0x0000000086800000|  0%| F|  |TAMS 0x0000000086700000, 0x0000000086700000| Untracked 
| 104|0x0000000086800000, 0x0000000086800000, 0x0000000086900000|  0%| F|  |TAMS 0x0000000086800000, 0x0000000086800000| Untracked 
| 105|0x0000000086900000, 0x0000000086900000, 0x0000000086a00000|  0%| F|  |TAMS 0x0000000086900000, 0x0000000086900000| Untracked 
| 106|0x0000000086a00000, 0x0000000086a00000, 0x0000000086b00000|  0%| F|  |TAMS 0x0000000086a00000, 0x0000000086a00000| Untracked 
| 107|0x0000000086b00000, 0x0000000086b00000, 0x0000000086c00000|  0%| F|  |TAMS 0x0000000086b00000, 0x0000000086b00000| Untracked 
| 108|0x0000000086c00000, 0x0000000086c00000, 0x0000000086d00000|  0%| F|  |TAMS 0x0000000086c00000, 0x0000000086c00000| Untracked 
| 109|0x0000000086d00000, 0x0000000086d00000, 0x0000000086e00000|  0%| F|  |TAMS 0x0000000086d00000, 0x0000000086d00000| Untracked 
| 110|0x0000000086e00000, 0x0000000086e00000, 0x0000000086f00000|  0%| F|  |TAMS 0x0000000086e00000, 0x0000000086e00000| Untracked 
| 111|0x0000000086f00000, 0x0000000086f00000, 0x0000000087000000|  0%| F|  |TAMS 0x0000000086f00000, 0x0000000086f00000| Untracked 
| 112|0x0000000087000000, 0x0000000087000000, 0x0000000087100000|  0%| F|  |TAMS 0x0000000087000000, 0x0000000087000000| Untracked 
| 113|0x0000000087100000, 0x0000000087100000, 0x0000000087200000|  0%| F|  |TAMS 0x0000000087100000, 0x0000000087100000| Untracked 
| 114|0x0000000087200000, 0x0000000087200000, 0x0000000087300000|  0%| F|  |TAMS 0x0000000087200000, 0x0000000087200000| Untracked 
| 115|0x0000000087300000, 0x0000000087300000, 0x0000000087400000|  0%| F|  |TAMS 0x0000000087300000, 0x0000000087300000| Untracked 
| 116|0x0000000087400000, 0x0000000087400000, 0x0000000087500000|  0%| F|  |TAMS 0x0000000087400000, 0x0000000087400000| Untracked 
| 117|0x0000000087500000, 0x0000000087500000, 0x0000000087600000|  0%| F|  |TAMS 0x0000000087500000, 0x0000000087500000| Untracked 
| 118|0x0000000087600000, 0x0000000087600000, 0x0000000087700000|  0%| F|  |TAMS 0x0000000087600000, 0x0000000087600000| Untracked 
| 119|0x0000000087700000, 0x0000000087700000, 0x0000000087800000|  0%| F|  |TAMS 0x0000000087700000, 0x0000000087700000| Untracked 
| 120|0x0000000087800000, 0x0000000087877590, 0x0000000087900000| 46%| E|  |TAMS 0x0000000087800000, 0x0000000087800000| Complete 
| 121|0x0000000087900000, 0x0000000087a00000, 0x0000000087a00000|100%| E|CS|TAMS 0x0000000087900000, 0x0000000087900000| Complete 
| 122|0x0000000087a00000, 0x0000000087b00000, 0x0000000087b00000|100%| E|CS|TAMS 0x0000000087a00000, 0x0000000087a00000| Complete 
| 123|0x0000000087b00000, 0x0000000087c00000, 0x0000000087c00000|100%| E|CS|TAMS 0x0000000087b00000, 0x0000000087b00000| Complete 
| 124|0x0000000087c00000, 0x0000000087d00000, 0x0000000087d00000|100%| E|CS|TAMS 0x0000000087c00000, 0x0000000087c00000| Complete 
| 125|0x0000000087d00000, 0x0000000087e00000, 0x0000000087e00000|100%| E|CS|TAMS 0x0000000087d00000, 0x0000000087d00000| Complete 
| 126|0x0000000087e00000, 0x0000000087f00000, 0x0000000087f00000|100%| E|CS|TAMS 0x0000000087e00000, 0x0000000087e00000| Complete 
| 190|0x000000008be00000, 0x000000008bf00000, 0x000000008bf00000|100%| E|CS|TAMS 0x000000008be00000, 0x000000008be00000| Complete 
| 191|0x000000008bf00000, 0x000000008c000000, 0x000000008c000000|100%| E|CS|TAMS 0x000000008bf00000, 0x000000008bf00000| Complete 
| 192|0x000000008c000000, 0x000000008c100000, 0x000000008c100000|100%| E|CS|TAMS 0x000000008c000000, 0x000000008c000000| Complete 
| 193|0x000000008c100000, 0x000000008c200000, 0x000000008c200000|100%| E|CS|TAMS 0x000000008c100000, 0x000000008c100000| Complete 
| 194|0x000000008c200000, 0x000000008c300000, 0x000000008c300000|100%| E|CS|TAMS 0x000000008c200000, 0x000000008c200000| Complete 
| 195|0x000000008c300000, 0x000000008c400000, 0x000000008c400000|100%| E|CS|TAMS 0x000000008c300000, 0x000000008c300000| Complete 
| 196|0x000000008c400000, 0x000000008c500000, 0x000000008c500000|100%| E|CS|TAMS 0x000000008c400000, 0x000000008c400000| Complete 
| 197|0x000000008c500000, 0x000000008c600000, 0x000000008c600000|100%| E|CS|TAMS 0x000000008c500000, 0x000000008c500000| Complete 
| 198|0x000000008c600000, 0x000000008c700000, 0x000000008c700000|100%| E|CS|TAMS 0x000000008c600000, 0x000000008c600000| Complete 
| 239|0x000000008ef00000, 0x000000008f000000, 0x000000008f000000|100%| E|CS|TAMS 0x000000008ef00000, 0x000000008ef00000| Complete 

Card table byte_map: [0x00000278f3520000,0x00000278f3920000] _byte_map_base: 0x00000278f3120000

Marking Bits (Prev, Next): (CMBitMap*) 0x00000278ef986d50, (CMBitMap*) 0x00000278ef986d90
 Prev Bits: [0x00000278f3d20000, 0x00000278f5d20000)
 Next Bits: [0x00000278f5d20000, 0x00000278f7d20000)

Polling page: 0x00000278ef0f0000

Metaspace:

Usage:
  Non-class:     70.89 MB used.
      Class:     11.37 MB used.
       Both:     82.26 MB used.

Virtual space:
  Non-class space:       72.00 MB reserved,      71.25 MB ( 99%) committed,  9 nodes.
      Class space:        1.00 GB reserved,      11.69 MB (  1%) committed,  1 nodes.
             Both:        1.07 GB reserved,      82.94 MB (  8%) committed. 

Chunk freelists:
   Non-Class:  816.00 KB
       Class:  304.00 KB
        Both:  1.09 MB

MaxMetaspaceSize: unlimited
CompressedClassSpaceSize: 1.00 GB
Initial GC threshold: 21.00 MB
Current GC threshold: 102.94 MB
CDS: off
MetaspaceReclaimPolicy: balanced
 - commit_granule_bytes: 65536.
 - commit_granule_words: 8192.
 - virtual_space_node_default_size: 1048576.
 - enlarge_chunks_in_place: 1.
 - new_chunks_are_fully_committed: 0.
 - uncommit_free_chunks: 1.
 - use_allocation_guard: 0.
 - handle_deallocations: 1.


Internal statistics:

num_allocs_failed_limit: 6.
num_arena_births: 844.
num_arena_deaths: 0.
num_vsnodes_births: 10.
num_vsnodes_deaths: 0.
num_space_committed: 1327.
num_space_uncommitted: 0.
num_chunks_returned_to_freelist: 6.
num_chunks_taken_from_freelist: 3899.
num_chunk_merges: 6.
num_chunk_splits: 2529.
num_chunks_enlarged: 1660.
num_purges: 0.
num_inconsistent_stats: 0.

CodeHeap 'non-profiled nmethods': size=120000Kb used=4975Kb max_used=4975Kb free=115024Kb
 bounds [0x0000027887ad0000, 0x0000027887fb0000, 0x000002788f000000]
CodeHeap 'profiled nmethods': size=120000Kb used=15921Kb max_used=15921Kb free=104079Kb
 bounds [0x0000027880000000, 0x0000027880f90000, 0x0000027887530000]
CodeHeap 'non-nmethods': size=5760Kb used=2367Kb max_used=2428Kb free=3392Kb
 bounds [0x0000027887530000, 0x00000278877a0000, 0x0000027887ad0000]
 total_blobs=8967 nmethods=8072 adapters=807
 compilation: enabled
              stopped_count=0, restarted_count=0
 full_count=0

Compilation events (20 events):
Event: 11.745 Thread 0x00000278fb082830 nmethod 8436 0x0000027880eac390 code [0x0000027880eac520, 0x0000027880eac6d8]
Event: 11.745 Thread 0x00000278fb082830 8437       3       org.gradle.api.internal.DefaultCollectionCallbackActionDecorator$Operation::description (20 bytes)
Event: 11.745 Thread 0x00000278fb082830 nmethod 8437 0x0000027880eac790 code [0x0000027880eac980, 0x0000027880eacff8]
Event: 11.745 Thread 0x00000278fb082830 8438       3       org.gradle.api.internal.DefaultCollectionCallbackActionDecorator$OperationDetails::<init> (10 bytes)
Event: 11.746 Thread 0x00000278fb082830 nmethod 8438 0x0000027880ead210 code [0x0000027880ead3a0, 0x0000027880ead558]
Event: 11.746 Thread 0x00000278fb082830 8439       3       org.gradle.api.internal.DefaultCollectionCallbackActionDecorator$BuildOperationEmittingAction$1::run (26 bytes)
Event: 11.746 Thread 0x00000278fb082830 nmethod 8439 0x0000027880ead610 code [0x0000027880ead7c0, 0x0000027880eada88]
Event: 11.747 Thread 0x00000278fb082830 8440       3       java.lang.ThreadLocal$ThreadLocalMap$Entry::<init> (11 bytes)
Event: 11.747 Thread 0x00000278fb082830 nmethod 8440 0x0000027880eadc10 code [0x0000027880eadde0, 0x0000027880eae1b8]
Event: 11.754 Thread 0x00000278fb082830 8441       3       java.lang.Thread::checkAccess (14 bytes)
Event: 11.755 Thread 0x00000278fb082830 nmethod 8441 0x0000027880eae310 code [0x0000027880eae4e0, 0x0000027880eae968]
Event: 11.755 Thread 0x00000278fb082830 8442   !   3       org.gradle.internal.resources.DefaultResourceLockCoordinationService::withStateLock (219 bytes)
Event: 11.757 Thread 0x00000278fb082830 nmethod 8442 0x0000027880eaeb10 code [0x0000027880eaeec0, 0x0000027880eb0098]
Event: 11.760 Thread 0x00000278fb082830 8443       1       org.gradle.api.internal.project.DefaultProject::getServices (5 bytes)
Event: 11.760 Thread 0x00000278fb082830 nmethod 8443 0x0000027887f7fb90 code [0x0000027887f7fd20, 0x0000027887f7fdf8]
Event: 11.763 Thread 0x00000278fb082830 8444       3       java.lang.ClassLoader::postDefineClass (39 bytes)
Event: 11.764 Thread 0x00000278fb082830 nmethod 8444 0x0000027880eb0d90 code [0x0000027880eb0f80, 0x0000027880eb1298]
Event: 11.774 Thread 0x00000278fb082830 8445       2       java.lang.invoke.MethodType::makeImpl (109 bytes)
Event: 11.775 Thread 0x00000278fb082830 nmethod 8445 0x0000027880eb1410 code [0x0000027880eb1640, 0x0000027880eb1d58]
Event: 11.777 Thread 0x00000278fb082830 8446       3       java.lang.ClassLoader::preDefineClass (118 bytes)

GC Heap History (20 events):
Event: 7.303 GC heap before
{Heap before GC invocations=13 (full 0):
 garbage-first heap   total 86016K, used 68834K [0x0000000080000000, 0x0000000100000000)
  region size 1024K, 33 young (33792K), 5 survivors (5120K)
 Metaspace       used 53952K, committed 54464K, reserved 1097728K
  class space    used 7134K, committed 7360K, reserved 1048576K
}
Event: 7.308 GC heap after
{Heap after GC invocations=14 (full 0):
 garbage-first heap   total 86016K, used 46141K [0x0000000080000000, 0x0000000100000000)
  region size 1024K, 5 young (5120K), 5 survivors (5120K)
 Metaspace       used 53952K, committed 54464K, reserved 1097728K
  class space    used 7134K, committed 7360K, reserved 1048576K
}
Event: 7.651 GC heap before
{Heap before GC invocations=14 (full 0):
 garbage-first heap   total 86016K, used 66621K [0x0000000080000000, 0x0000000100000000)
  region size 1024K, 25 young (25600K), 5 survivors (5120K)
 Metaspace       used 57203K, committed 57664K, reserved 1105920K
  class space    used 7538K, committed 7744K, reserved 1048576K
}
Event: 7.655 GC heap after
{Heap after GC invocations=15 (full 0):
 garbage-first heap   total 86016K, used 46961K [0x0000000080000000, 0x0000000100000000)
  region size 1024K, 1 young (1024K), 1 survivors (1024K)
 Metaspace       used 57203K, committed 57664K, reserved 1105920K
  class space    used 7538K, committed 7744K, reserved 1048576K
}
Event: 8.100 GC heap before
{Heap before GC invocations=16 (full 0):
 garbage-first heap   total 86016K, used 67441K [0x0000000080000000, 0x0000000100000000)
  region size 1024K, 21 young (21504K), 1 survivors (1024K)
 Metaspace       used 60759K, committed 61248K, reserved 1105920K
  class space    used 8047K, committed 8256K, reserved 1048576K
}
Event: 8.103 GC heap after
{Heap after GC invocations=17 (full 0):
 garbage-first heap   total 86016K, used 47996K [0x0000000080000000, 0x0000000100000000)
  region size 1024K, 2 young (2048K), 2 survivors (2048K)
 Metaspace       used 60759K, committed 61248K, reserved 1105920K
  class space    used 8047K, committed 8256K, reserved 1048576K
}
Event: 8.263 GC heap before
{Heap before GC invocations=17 (full 0):
 garbage-first heap   total 86016K, used 56188K [0x0000000080000000, 0x0000000100000000)
  region size 1024K, 12 young (12288K), 2 survivors (2048K)
 Metaspace       used 62683K, committed 63232K, reserved 1105920K
  class space    used 8282K, committed 8512K, reserved 1048576K
}
Event: 8.266 GC heap after
{Heap after GC invocations=18 (full 0):
 garbage-first heap   total 86016K, used 49389K [0x0000000080000000, 0x0000000100000000)
  region size 1024K, 3 young (3072K), 3 survivors (3072K)
 Metaspace       used 62683K, committed 63232K, reserved 1105920K
  class space    used 8282K, committed 8512K, reserved 1048576K
}
Event: 8.450 GC heap before
{Heap before GC invocations=19 (full 0):
 garbage-first heap   total 116736K, used 74989K [0x0000000080000000, 0x0000000100000000)
  region size 1024K, 22 young (22528K), 3 survivors (3072K)
 Metaspace       used 63696K, committed 64192K, reserved 1105920K
  class space    used 8415K, committed 8640K, reserved 1048576K
}
Event: 8.455 GC heap after
{Heap after GC invocations=20 (full 0):
 garbage-first heap   total 116736K, used 51469K [0x0000000080000000, 0x0000000100000000)
  region size 1024K, 3 young (3072K), 3 survivors (3072K)
 Metaspace       used 63696K, committed 64192K, reserved 1105920K
  class space    used 8415K, committed 8640K, reserved 1048576K
}
Event: 8.950 GC heap before
{Heap before GC invocations=20 (full 0):
 garbage-first heap   total 116736K, used 85261K [0x0000000080000000, 0x0000000100000000)
  region size 1024K, 36 young (36864K), 3 survivors (3072K)
 Metaspace       used 66684K, committed 67200K, reserved 1114112K
  class space    used 8797K, committed 9024K, reserved 1048576K
}
Event: 8.955 GC heap after
{Heap after GC invocations=21 (full 0):
 garbage-first heap   total 116736K, used 54364K [0x0000000080000000, 0x0000000100000000)
  region size 1024K, 5 young (5120K), 5 survivors (5120K)
 Metaspace       used 66684K, committed 67200K, reserved 1114112K
  class space    used 8797K, committed 9024K, reserved 1048576K
}
Event: 9.155 GC heap before
{Heap before GC invocations=21 (full 0):
 garbage-first heap   total 116736K, used 87132K [0x0000000080000000, 0x0000000100000000)
  region size 1024K, 37 young (37888K), 5 survivors (5120K)
 Metaspace       used 66866K, committed 67328K, reserved 1114112K
  class space    used 8831K, committed 9024K, reserved 1048576K
}
Event: 9.162 GC heap after
{Heap after GC invocations=22 (full 0):
 garbage-first heap   total 140288K, used 57200K [0x0000000080000000, 0x0000000100000000)
  region size 1024K, 3 young (3072K), 3 survivors (3072K)
 Metaspace       used 66866K, committed 67328K, reserved 1114112K
  class space    used 8831K, committed 9024K, reserved 1048576K
}
Event: 9.949 GC heap before
{Heap before GC invocations=22 (full 0):
 garbage-first heap   total 140288K, used 104304K [0x0000000080000000, 0x0000000100000000)
  region size 1024K, 49 young (50176K), 3 survivors (3072K)
 Metaspace       used 72602K, committed 73152K, reserved 1114112K
  class space    used 9809K, committed 10048K, reserved 1048576K
}
Event: 9.954 GC heap after
{Heap after GC invocations=23 (full 0):
 garbage-first heap   total 140288K, used 59729K [0x0000000080000000, 0x0000000100000000)
  region size 1024K, 6 young (6144K), 6 survivors (6144K)
 Metaspace       used 72602K, committed 73152K, reserved 1114112K
  class space    used 9809K, committed 10048K, reserved 1048576K
}
Event: 10.795 GC heap before
{Heap before GC invocations=23 (full 0):
 garbage-first heap   total 140288K, used 107857K [0x0000000080000000, 0x0000000100000000)
  region size 1024K, 53 young (54272K), 6 survivors (6144K)
 Metaspace       used 77548K, committed 78144K, reserved 1122304K
  class space    used 10536K, committed 10816K, reserved 1048576K
}
Event: 10.805 GC heap after
{Heap after GC invocations=24 (full 0):
 garbage-first heap   total 140288K, used 63223K [0x0000000080000000, 0x0000000100000000)
  region size 1024K, 6 young (6144K), 6 survivors (6144K)
 Metaspace       used 77548K, committed 78144K, reserved 1122304K
  class space    used 10536K, committed 10816K, reserved 1048576K
}
Event: 11.500 GC heap before
{Heap before GC invocations=24 (full 0):
 garbage-first heap   total 140288K, used 110327K [0x0000000080000000, 0x0000000100000000)
  region size 1024K, 52 young (53248K), 6 survivors (6144K)
 Metaspace       used 81747K, committed 82368K, reserved 1122304K
  class space    used 11122K, committed 11456K, reserved 1048576K
}
Event: 11.508 GC heap after
{Heap after GC invocations=25 (full 0):
 garbage-first heap   total 140288K, used 67559K [0x0000000080000000, 0x0000000100000000)
  region size 1024K, 7 young (7168K), 7 survivors (7168K)
 Metaspace       used 81747K, committed 82368K, reserved 1122304K
  class space    used 11122K, committed 11456K, reserved 1048576K
}

Dll operation events (2 events):
Event: 0.009 Loaded shared library D:\ANDROID\jbr\bin\java.dll
Event: 0.455 Loaded shared library D:\ANDROID\jbr\bin\verify.dll

Deoptimization events (20 events):
Event: 11.745 Thread 0x00000278fb339e30 Uncommon trap: trap_request=0xfffffff4 fr.pc=0x0000027887efe970 relative=0x00000000000000d0
Event: 11.745 Thread 0x00000278fb339e30 Uncommon trap: reason=null_check action=make_not_entrant pc=0x0000027887efe970 method=org.gradle.tooling.internal.provider.runner.ClientBuildEventGenerator$Disabled.accept(Lorg/gradle/internal/operations/BuildOperationDescriptor;)Lorg/gradle/tooling/inter
Event: 11.745 Thread 0x00000278fb339e30 DEOPT PACKING pc=0x0000027887efe970 sp=0x000000ff47bfbf80
Event: 11.745 Thread 0x00000278fb339e30 DEOPT UNPACKING pc=0x00000278875869a3 sp=0x000000ff47bfbf08 mode 2
Event: 11.754 Thread 0x0000027894347ac0 Uncommon trap: trap_request=0xffffffde fr.pc=0x0000027887b36fd4 relative=0x0000000000001334
Event: 11.754 Thread 0x0000027894347ac0 Uncommon trap: reason=class_check action=maybe_recompile pc=0x0000027887b36fd4 method=java.util.concurrent.ConcurrentHashMap.putVal(Ljava/lang/Object;Ljava/lang/Object;Z)Ljava/lang/Object; @ 159 c2
Event: 11.754 Thread 0x0000027894347ac0 DEOPT PACKING pc=0x0000027887b36fd4 sp=0x000000ff4edfe0a0
Event: 11.754 Thread 0x0000027894347ac0 DEOPT UNPACKING pc=0x00000278875869a3 sp=0x000000ff4edfe030 mode 2
Event: 11.754 Thread 0x0000027894347ac0 Uncommon trap: trap_request=0xffffff54 fr.pc=0x0000027887c715b4 relative=0x0000000000000f54
Event: 11.754 Thread 0x0000027894347ac0 Uncommon trap: reason=speculate_null_assert action=make_not_entrant pc=0x0000027887c715b4 method=java.lang.invoke.MethodType$ConcurrentWeakInternSet.add(Ljava/lang/Object;)Ljava/lang/Object; @ 47 c2
Event: 11.754 Thread 0x0000027894347ac0 DEOPT PACKING pc=0x0000027887c715b4 sp=0x000000ff4edfe160
Event: 11.754 Thread 0x0000027894347ac0 DEOPT UNPACKING pc=0x00000278875869a3 sp=0x000000ff4edfe0f8 mode 2
Event: 11.755 Thread 0x0000027894347ac0 Uncommon trap: trap_request=0xffffffde fr.pc=0x0000027887b36fd4 relative=0x0000000000001334
Event: 11.755 Thread 0x0000027894347ac0 Uncommon trap: reason=class_check action=maybe_recompile pc=0x0000027887b36fd4 method=java.util.concurrent.ConcurrentHashMap.putVal(Ljava/lang/Object;Ljava/lang/Object;Z)Ljava/lang/Object; @ 159 c2
Event: 11.755 Thread 0x0000027894347ac0 DEOPT PACKING pc=0x0000027887b36fd4 sp=0x000000ff4edfdbe0
Event: 11.755 Thread 0x0000027894347ac0 DEOPT UNPACKING pc=0x00000278875869a3 sp=0x000000ff4edfdb70 mode 2
Event: 11.758 Thread 0x00000278943445d0 Uncommon trap: trap_request=0xffffff45 fr.pc=0x0000027887e2c0f8 relative=0x0000000000000358
Event: 11.758 Thread 0x00000278943445d0 Uncommon trap: reason=unstable_if action=reinterpret pc=0x0000027887e2c0f8 method=java.util.HashMap$HashIterator.<init>(Ljava/util/HashMap;)V @ 45 c2
Event: 11.758 Thread 0x00000278943445d0 DEOPT PACKING pc=0x0000027887e2c0f8 sp=0x000000ff4f1fed90
Event: 11.758 Thread 0x00000278943445d0 DEOPT UNPACKING pc=0x00000278875869a3 sp=0x000000ff4f1fed48 mode 2

Classes unloaded (0 events):
No events

Classes redefined (0 events):
No events

Internal exceptions (20 events):
Event: 11.692 Thread 0x00000278fb339e30 Exception <a 'java/lang/ClassNotFoundException'{0x0000000086d74d48}: com/android/build/gradle/internal/tasks/AppMetadataTaskBeanInfo> (0x0000000086d74d48) 
thrown [s\src\hotspot\share\classfile\systemDictionary.cpp, line 256]
Event: 11.693 Thread 0x00000278fb339e30 Exception <a 'java/lang/ClassNotFoundException'{0x0000000086d80980}: com/android/build/gradle/internal/tasks/AppMetadataTaskCustomizer> (0x0000000086d80980) 
thrown [s\src\hotspot\share\classfile\systemDictionary.cpp, line 256]
Event: 11.694 Thread 0x00000278fb339e30 Exception <a 'java/lang/ClassNotFoundException'{0x0000000086da19f0}: com/android/build/gradle/internal/tasks/AppMetadataTask_DecoratedCustomizer> (0x0000000086da19f0) 
thrown [s\src\hotspot\share\classfile\systemDictionary.cpp, line 256]
Event: 11.697 Thread 0x00000278fb339e30 Exception <a 'java/lang/ClassNotFoundException'{0x0000000086c41aa8}: com/android/build/gradle/internal/tasks/SigningConfigVersionsWriterTask_DecoratedBeanInfo> (0x0000000086c41aa8) 
thrown [s\src\hotspot\share\classfile\systemDictionary.cpp, line 256]
Event: 11.698 Thread 0x00000278fb339e30 Exception <a 'java/lang/ClassNotFoundException'{0x0000000086c4d818}: com/android/build/gradle/internal/tasks/SigningConfigVersionsWriterTaskBeanInfo> (0x0000000086c4d818) 
thrown [s\src\hotspot\share\classfile\systemDictionary.cpp, line 256]
Event: 11.698 Thread 0x00000278fb339e30 Exception <a 'java/lang/ClassNotFoundException'{0x0000000086c592f8}: com/android/build/gradle/internal/tasks/SigningConfigVersionsWriterTaskCustomizer> (0x0000000086c592f8) 
thrown [s\src\hotspot\share\classfile\systemDictionary.cpp, line 256]
Event: 11.700 Thread 0x00000278fb339e30 Exception <a 'java/lang/ClassNotFoundException'{0x0000000086c7fb80}: com/android/build/gradle/internal/tasks/SigningConfigVersionsWriterTask_DecoratedCustomizer> (0x0000000086c7fb80) 
thrown [s\src\hotspot\share\classfile\systemDictionary.cpp, line 256]
Event: 11.706 Thread 0x00000278fb339e30 Exception <a 'java/lang/ClassNotFoundException'{0x0000000086b81310}: com/android/build/gradle/tasks/PackageApplication_DecoratedBeanInfo> (0x0000000086b81310) 
thrown [s\src\hotspot\share\classfile\systemDictionary.cpp, line 256]
Event: 11.706 Thread 0x00000278fb339e30 Exception <a 'java/lang/ClassNotFoundException'{0x0000000086b8ccf8}: com/android/build/gradle/tasks/PackageApplicationBeanInfo> (0x0000000086b8ccf8) 
thrown [s\src\hotspot\share\classfile\systemDictionary.cpp, line 256]
Event: 11.707 Thread 0x00000278fb339e30 Exception <a 'java/lang/ClassNotFoundException'{0x0000000086b99440}: com/android/build/gradle/tasks/PackageAndroidArtifactBeanInfo> (0x0000000086b99440) 
thrown [s\src\hotspot\share\classfile\systemDictionary.cpp, line 256]
Event: 11.707 Thread 0x00000278fb339e30 Exception <a 'java/lang/ClassNotFoundException'{0x0000000086ba4e80}: com/android/build/gradle/tasks/PackageAndroidArtifactCustomizer> (0x0000000086ba4e80) 
thrown [s\src\hotspot\share\classfile\systemDictionary.cpp, line 256]
Event: 11.710 Thread 0x00000278fb339e30 Exception <a 'java/lang/ClassNotFoundException'{0x0000000086bfd288}: com/android/build/gradle/tasks/PackageApplicationCustomizer> (0x0000000086bfd288) 
thrown [s\src\hotspot\share\classfile\systemDictionary.cpp, line 256]
Event: 11.711 Thread 0x00000278fb339e30 Exception <a 'java/lang/ClassNotFoundException'{0x0000000086a24c30}: com/android/build/gradle/tasks/PackageApplication_DecoratedCustomizer> (0x0000000086a24c30) 
thrown [s\src\hotspot\share\classfile\systemDictionary.cpp, line 256]
Event: 11.715 Thread 0x00000278fb339e30 Exception <a 'java/lang/ClassNotFoundException'{0x0000000086909ca0}: com/android/build/gradle/internal/tasks/ListingFileRedirectTask_DecoratedBeanInfo> (0x0000000086909ca0) 
thrown [s\src\hotspot\share\classfile\systemDictionary.cpp, line 256]
Event: 11.716 Thread 0x00000278fb339e30 Exception <a 'java/lang/ClassNotFoundException'{0x0000000086915920}: com/android/build/gradle/internal/tasks/ListingFileRedirectTaskBeanInfo> (0x0000000086915920) 
thrown [s\src\hotspot\share\classfile\systemDictionary.cpp, line 256]
Event: 11.716 Thread 0x00000278fb339e30 Exception <a 'java/lang/ClassNotFoundException'{0x0000000086921310}: com/android/build/gradle/internal/tasks/ListingFileRedirectTaskCustomizer> (0x0000000086921310) 
thrown [s\src\hotspot\share\classfile\systemDictionary.cpp, line 256]
Event: 11.717 Thread 0x00000278fb339e30 Exception <a 'java/lang/ClassNotFoundException'{0x000000008693dcd0}: com/android/build/gradle/internal/tasks/ListingFileRedirectTask_DecoratedCustomizer> (0x000000008693dcd0) 
thrown [s\src\hotspot\share\classfile\systemDictionary.cpp, line 256]
Event: 11.723 Thread 0x00000278fb339e30 Exception <a 'java/lang/NoSuchMethodError'{0x00000000869a4120}: 'java.lang.Object java.lang.invoke.DirectMethodHandle$Holder.newInvokeSpecial(java.lang.Object, java.lang.Object, java.lang.Object, java.lang.Object, int, java.lang.Object)'> (0x00000000869a4120) 
thrown [s\src\hotspot\share\interpreter\linkResolver.cpp, line 771]
Event: 11.724 Thread 0x00000278fb339e30 Exception <a 'java/lang/NoSuchMethodError'{0x00000000869a8f28}: 'java.lang.Object java.lang.invoke.Invokers$Holder.linkToTargetMethod(java.lang.Object, java.lang.Object, java.lang.Object, int, java.lang.Object, java.lang.Object)'> (0x00000000869a8f28) 
thrown [s\src\hotspot\share\interpreter\linkResolver.cpp, line 771]
Event: 11.745 Thread 0x00000278fb339e30 Implicit null exception at 0x0000027887efe8db to 0x0000027887efe964

VM Operations (20 events):
Event: 10.732 Executing VM operation: HandshakeAllThreads
Event: 10.732 Executing VM operation: HandshakeAllThreads done
Event: 10.742 Executing VM operation: ICBufferFull
Event: 10.743 Executing VM operation: ICBufferFull done
Event: 10.795 Executing VM operation: G1CollectForAllocation
Event: 10.805 Executing VM operation: G1CollectForAllocation done
Event: 10.844 Executing VM operation: HandshakeAllThreads
Event: 10.844 Executing VM operation: HandshakeAllThreads done
Event: 11.039 Executing VM operation: HandshakeAllThreads
Event: 11.040 Executing VM operation: HandshakeAllThreads done
Event: 11.099 Executing VM operation: HandshakeAllThreads
Event: 11.100 Executing VM operation: HandshakeAllThreads done
Event: 11.207 Executing VM operation: HandshakeAllThreads
Event: 11.207 Executing VM operation: HandshakeAllThreads done
Event: 11.282 Executing VM operation: ICBufferFull
Event: 11.282 Executing VM operation: ICBufferFull done
Event: 11.421 Executing VM operation: HandshakeAllThreads
Event: 11.422 Executing VM operation: HandshakeAllThreads done
Event: 11.499 Executing VM operation: G1CollectForAllocation
Event: 11.508 Executing VM operation: G1CollectForAllocation done

Events (20 events):
Event: 11.392 loading class java/util/IdentityHashMap$IdentityHashMapIterator done
Event: 11.392 loading class java/util/IdentityHashMap$KeyIterator done
Event: 11.474 loading class java/lang/ClassBeanInfo
Event: 11.474 loading class java/lang/ClassBeanInfo done
Event: 11.474 loading class java/lang/ClassBeanInfo
Event: 11.474 loading class java/lang/ClassBeanInfo done
Event: 11.474 loading class java/lang/ClassCustomizer
Event: 11.474 loading class java/lang/ClassCustomizer done
Event: 11.474 loading class java/lang/ClassCustomizer
Event: 11.474 loading class java/lang/ClassCustomizer done
Event: 11.633 loading class java/io/FilterReader
Event: 11.633 loading class java/io/FilterReader done
Event: 11.747 Thread 0x00000278fb338620 Thread added: 0x00000278fb338620
Event: 11.754 Thread 0x00000278943462b0 Thread added: 0x00000278943462b0
Event: 11.754 Thread 0x0000027894347ac0 Thread added: 0x0000027894347ac0
Event: 11.754 Thread 0x0000027894347120 Thread added: 0x0000027894347120
Event: 11.754 Thread 0x0000027894347f90 Thread added: 0x0000027894347f90
Event: 11.754 Thread 0x0000027894346780 Thread added: 0x0000027894346780
Event: 11.754 Thread 0x00000278943445d0 Thread added: 0x00000278943445d0
Event: 11.754 Thread 0x0000027894348930 Thread added: 0x0000027894348930


Dynamic libraries:
0x00007ff6cd900000 - 0x00007ff6cd90a000 	D:\ANDROID\jbr\bin\java.exe
0x00007ffe169f0000 - 0x00007ffe16c07000 	C:\WINDOWS\SYSTEM32\ntdll.dll
0x00007ffe152d0000 - 0x00007ffe15394000 	C:\WINDOWS\System32\KERNEL32.DLL
0x00007ffe14020000 - 0x00007ffe143c6000 	C:\WINDOWS\System32\KERNELBASE.dll
0x00007ffe143d0000 - 0x00007ffe144e1000 	C:\WINDOWS\System32\ucrtbase.dll
0x00007ffe09aa0000 - 0x00007ffe09ab7000 	D:\ANDROID\jbr\bin\jli.dll
0x00007ffe01ec0000 - 0x00007ffe01edb000 	D:\ANDROID\jbr\bin\VCRUNTIME140.dll
0x00007ffe156d0000 - 0x00007ffe1587d000 	C:\WINDOWS\System32\USER32.dll
0x00007ffe13ed0000 - 0x00007ffe13ef6000 	C:\WINDOWS\System32\win32u.dll
0x00007ffe010a0000 - 0x00007ffe01333000 	C:\WINDOWS\WinSxS\amd64_microsoft.windows.common-controls_6595b64144ccf1df_6.0.22621.2361_none_2712ced57382f843\COMCTL32.dll
0x00007ffe168d0000 - 0x00007ffe168f9000 	C:\WINDOWS\System32\GDI32.dll
0x00007ffe15da0000 - 0x00007ffe15e47000 	C:\WINDOWS\System32\msvcrt.dll
0x00007ffe13f00000 - 0x00007ffe14018000 	C:\WINDOWS\System32\gdi32full.dll
0x00007ffe13d70000 - 0x00007ffe13e0a000 	C:\WINDOWS\System32\msvcp_win.dll
0x00007ffe14b10000 - 0x00007ffe14b41000 	C:\WINDOWS\System32\IMM32.DLL
0x00007ffe0f0e0000 - 0x00007ffe0f0ec000 	D:\ANDROID\jbr\bin\vcruntime140_1.dll
0x00007ffdf6ee0000 - 0x00007ffdf6f6d000 	D:\ANDROID\jbr\bin\msvcp140.dll
0x00007ffddc3c0000 - 0x00007ffddd02e000 	D:\ANDROID\jbr\bin\server\jvm.dll
0x00007ffe16900000 - 0x00007ffe169b0000 	C:\WINDOWS\System32\ADVAPI32.dll
0x00007ffe15e50000 - 0x00007ffe15ef6000 	C:\WINDOWS\System32\sechost.dll
0x00007ffe153a0000 - 0x00007ffe154b7000 	C:\WINDOWS\System32\RPCRT4.dll
0x00007ffe0c9f0000 - 0x00007ffe0ca24000 	C:\WINDOWS\SYSTEM32\WINMM.dll
0x00007ffe0c040000 - 0x00007ffe0c04a000 	C:\WINDOWS\SYSTEM32\VERSION.dll
0x00007ffe0d190000 - 0x00007ffe0d199000 	C:\WINDOWS\SYSTEM32\WSOCK32.dll
0x00007ffe14b50000 - 0x00007ffe14bc1000 	C:\WINDOWS\System32\WS2_32.dll
0x00007ffe12d50000 - 0x00007ffe12d68000 	C:\WINDOWS\SYSTEM32\kernel.appcore.dll
0x00007ffe0f0f0000 - 0x00007ffe0f0fa000 	D:\ANDROID\jbr\bin\jimage.dll
0x00007ffe0a090000 - 0x00007ffe0a2be000 	C:\WINDOWS\SYSTEM32\DBGHELP.DLL
0x00007ffe158e0000 - 0x00007ffe15c6a000 	C:\WINDOWS\System32\combase.dll
0x00007ffe14930000 - 0x00007ffe14a07000 	C:\WINDOWS\System32\OLEAUT32.dll
0x00007ffe01060000 - 0x00007ffe01092000 	C:\WINDOWS\SYSTEM32\dbgcore.DLL
0x00007ffe146d0000 - 0x00007ffe1474a000 	C:\WINDOWS\System32\bcryptPrimitives.dll
0x00007ffe0e8c0000 - 0x00007ffe0e8e5000 	D:\ANDROID\jbr\bin\java.dll
0x00007ffe0f080000 - 0x00007ffe0f098000 	D:\ANDROID\jbr\bin\zip.dll
0x00007ffe15f70000 - 0x00007ffe167c8000 	C:\WINDOWS\System32\SHELL32.dll
0x00007ffe11cd0000 - 0x00007ffe125c2000 	C:\WINDOWS\SYSTEM32\windows.storage.dll
0x00007ffe11b90000 - 0x00007ffe11cce000 	C:\WINDOWS\SYSTEM32\wintypes.dll
0x00007ffe14a10000 - 0x00007ffe14b03000 	C:\WINDOWS\System32\SHCORE.dll
0x00007ffe14c60000 - 0x00007ffe14cbe000 	C:\WINDOWS\System32\shlwapi.dll
0x00007ffe13ca0000 - 0x00007ffe13cc6000 	C:\WINDOWS\SYSTEM32\profapi.dll
0x00007ffe0e330000 - 0x00007ffe0e349000 	D:\ANDROID\jbr\bin\net.dll
0x00007ffe0c380000 - 0x00007ffe0c4b7000 	C:\WINDOWS\SYSTEM32\WINHTTP.dll
0x00007ffe13230000 - 0x00007ffe13299000 	C:\WINDOWS\system32\mswsock.dll
0x00007ffe0e2f0000 - 0x00007ffe0e306000 	D:\ANDROID\jbr\bin\nio.dll
0x00007ffe0e2c0000 - 0x00007ffe0e2d0000 	D:\ANDROID\jbr\bin\verify.dll
0x00007ffe016b0000 - 0x00007ffe016d7000 	C:\Users\juanj\.gradle\native\68d5fa5c4cc2d200863cafc0d521ce42e7d3e7ee720ec0a83991735586a16f82\windows-amd64\native-platform.dll
0x00007ffde8070000 - 0x00007ffde81b4000 	C:\Users\juanj\.gradle\native\e376f236ea51e6404a007f0833ffe2c6e607c4080706a723a18a27aeea778392\windows-amd64\native-platform-file-events.dll
0x00007ffe0d230000 - 0x00007ffe0d239000 	D:\ANDROID\jbr\bin\management.dll
0x00007ffe0d1e0000 - 0x00007ffe0d1eb000 	D:\ANDROID\jbr\bin\management_ext.dll
0x00007ffe14760000 - 0x00007ffe14768000 	C:\WINDOWS\System32\PSAPI.DLL
0x00007ffe13490000 - 0x00007ffe134ab000 	C:\WINDOWS\SYSTEM32\CRYPTSP.dll
0x00007ffe12d10000 - 0x00007ffe12d45000 	C:\WINDOWS\system32\rsaenh.dll
0x00007ffe13320000 - 0x00007ffe1334c000 	C:\WINDOWS\SYSTEM32\USERENV.dll
0x00007ffe13640000 - 0x00007ffe13668000 	C:\WINDOWS\SYSTEM32\bcrypt.dll
0x00007ffe13480000 - 0x00007ffe1348c000 	C:\WINDOWS\SYSTEM32\CRYPTBASE.dll
0x00007ffe12830000 - 0x00007ffe1285d000 	C:\WINDOWS\SYSTEM32\IPHLPAPI.DLL
0x00007ffe14750000 - 0x00007ffe14759000 	C:\WINDOWS\System32\NSI.dll
0x00007ffe0c660000 - 0x00007ffe0c679000 	C:\WINDOWS\SYSTEM32\dhcpcsvc6.DLL
0x00007ffe0c360000 - 0x00007ffe0c37f000 	C:\WINDOWS\SYSTEM32\dhcpcsvc.DLL
0x00007ffe128a0000 - 0x00007ffe12999000 	C:\WINDOWS\SYSTEM32\DNSAPI.dll
0x00007ffe0d1a0000 - 0x00007ffe0d1a8000 	C:\WINDOWS\system32\wshunix.dll

dbghelp: loaded successfully - version: 4.0.5 - missing functions: none
symbol engine: initialized successfully - sym options: 0x614 - pdb path: .;D:\ANDROID\jbr\bin;C:\WINDOWS\SYSTEM32;C:\WINDOWS\WinSxS\amd64_microsoft.windows.common-controls_6595b64144ccf1df_6.0.22621.2361_none_2712ced57382f843;D:\ANDROID\jbr\bin\server;C:\Users\juanj\.gradle\native\68d5fa5c4cc2d200863cafc0d521ce42e7d3e7ee720ec0a83991735586a16f82\windows-amd64;C:\Users\juanj\.gradle\native\e376f236ea51e6404a007f0833ffe2c6e607c4080706a723a18a27aeea778392\windows-amd64

VM Arguments:
jvm_args: --add-opens=java.base/java.util=ALL-UNNAMED --add-opens=java.base/java.lang=ALL-UNNAMED --add-opens=java.base/java.lang.invoke=ALL-UNNAMED --add-opens=java.prefs/java.util.prefs=ALL-UNNAMED --add-opens=java.base/java.nio.charset=ALL-UNNAMED --add-opens=java.base/java.net=ALL-UNNAMED --add-opens=java.base/java.util.concurrent.atomic=ALL-UNNAMED -Xmx2048m -Dfile.encoding=UTF-8 -Duser.country=ES -Duser.language=es -Duser.variant 
java_command: org.gradle.launcher.daemon.bootstrap.GradleDaemon 8.0
java_class_path (initial): C:\Users\juanj\.gradle\wrapper\dists\gradle-8.0-bin\ca5e32bp14vu59qr306oxotwh\gradle-8.0\lib\gradle-launcher-8.0.jar
Launcher Type: SUN_STANDARD

[Global flags]
     intx CICompilerCount                          = 4                                         {product} {ergonomic}
     uint ConcGCThreads                            = 2                                         {product} {ergonomic}
     uint G1ConcRefinementThreads                  = 8                                         {product} {ergonomic}
   size_t G1HeapRegionSize                         = 1048576                                   {product} {ergonomic}
    uintx GCDrainStackTargetSize                   = 64                                        {product} {ergonomic}
   size_t InitialHeapSize                          = 251658240                                 {product} {ergonomic}
   size_t MarkStackSize                            = 4194304                                   {product} {ergonomic}
   size_t MaxHeapSize                              = 2147483648                                {product} {command line}
   size_t MaxNewSize                               = 1287651328                                {product} {ergonomic}
   size_t MinHeapDeltaBytes                        = 1048576                                   {product} {ergonomic}
   size_t MinHeapSize                              = 8388608                                   {product} {ergonomic}
    uintx NonNMethodCodeHeapSize                   = 5839372                                {pd product} {ergonomic}
    uintx NonProfiledCodeHeapSize                  = 122909434                              {pd product} {ergonomic}
    uintx ProfiledCodeHeapSize                     = 122909434                              {pd product} {ergonomic}
    uintx ReservedCodeCacheSize                    = 251658240                              {pd product} {ergonomic}
     bool SegmentedCodeCache                       = true                                      {product} {ergonomic}
   size_t SoftMaxHeapSize                          = 2147483648                             {manageable} {ergonomic}
     bool UseCompressedClassPointers               = true                           {product lp64_product} {ergonomic}
     bool UseCompressedOops                        = true                           {product lp64_product} {ergonomic}
     bool UseG1GC                                  = true                                      {product} {ergonomic}
     bool UseLargePagesIndividualAllocation        = false                                  {pd product} {ergonomic}

Logging:
Log output configuration:
 #0: stdout all=warning uptime,level,tags
 #1: stderr all=off uptime,level,tags

Environment Variables:
PATH=C:\Python311\Scripts\;C:\Python311\;C:\Program Files\Common Files\Oracle\Java\javapath;C:\Program Files (x86)\VMware\VMware Player\bin\;C:\WINDOWS\system32;C:\WINDOWS;C:\WINDOWS\System32\Wbem;C:\WINDOWS\System32\WindowsPowerShell\v1.0\;C:\WINDOWS\System32\OpenSSH\;D:\Program Files\;C:\Program Files\Java\jdk-20\bin;C:\ProgramData\chocolatey\bin;C:\Program Files\Git\cmd;C:\Program Files\Git;C:\Program Files\nodejs\;C:\Program Files (x86)\Bitvise SSH Client;C:\Program Files\PowerShell\7\;C:\Users\juanj\AppData\Local\Microsoft\WindowsApps;C:\Users\juanj\AppData\Local\Programs\Microsoft VS Code\bin;C:\Users\juanj\AppData\Local\GitHubDesktop\bin;C:\Users\juanj\AppData\Roaming\npm
USERNAME=juanj
OS=Windows_NT
PROCESSOR_IDENTIFIER=AMD64 Family 23 Model 17 Stepping 0, AuthenticAMD
TMP=C:\Users\juanj\AppData\Local\Temp
TEMP=C:\Users\juanj\AppData\Local\Temp


JNI global refs:
JNI global refs: 25, weak refs: 11

JNI global refs memory usage: 843, weak refs: 841


---------------  S Y S T E M  ---------------

OS:
 Windows 11 , 64 bit Build 22621 (10.0.22621.2428)
OS uptime: 1 days 20:07 hours

CPU: total 8 (initial active 8) (8 cores per cpu, 2 threads per core) family 23 model 17 stepping 0 microcode 0x0, cx8, cmov, fxsr, ht, mmx, 3dnowpref, sse, sse2, sse3, ssse3, sse4a, sse4.1, sse4.2, popcnt, lzcnt, tsc, tscinvbit, avx, avx2, aes, clmul, bmi1, bmi2, adx, sha, fma, vzeroupper, clflush, clflushopt

Memory: 4k page, system-wide physical 15274M (2769M free)
TotalPageFile size 17322M (AvailPageFile size 5M)
current process WorkingSet (physical memory assigned to process): 389M, peak: 390M
current process commit charge ("private bytes"): 426M, peak: 428M

vm_info: OpenJDK 64-Bit Server VM (17.0.6+0-b2043.56-10027231) for windows-amd64 JRE (17.0.6+0-b2043.56-10027231), built on Apr 28 2023 00:43:19 by "androidbuild" with MS VC++ 16.10 / 16.11 (VS2019)

END.
