#
# There is insufficient memory for the Java Runtime Environment to continue.
# Native memory allocation (mmap) failed to map 251658240 bytes for G1 virtual space
# Possible reasons:
#   The system is out of physical RAM or swap space
#   The process is running with CompressedOops enabled, and the Java Heap may be blocking the growth of the native heap
# Possible solutions:
#   Reduce memory load on the system
#   Increase physical memory or swap space
#   Check if swap backing store is full
#   Decrease Java heap size (-Xmx/-Xms)
#   Decrease number of Java threads
#   Decrease Java thread stack sizes (-Xss)
#   Set larger code cache with -XX:ReservedCodeCacheSize=
#   JVM is running with Zero Based Compressed Oops mode in which the Java heap is
#     placed in the first 32GB address space. The Java Heap base address is the
#     maximum limit for the native heap growth. Please use -XX:HeapBaseMinAddress
#     to set the Java Heap base and to place the Java Heap above 32GB virtual address.
# This output file may be truncated or incomplete.
#
#  Out of Memory Error (os_windows.cpp:3769), pid=20564, tid=12080
#
# JRE version:  (17.0.6) (build )
# Java VM: OpenJDK 64-Bit Server VM (17.0.6+0-b2043.56-10027231, mixed mode, sharing, tiered, compressed oops, compressed class ptrs, g1 gc, windows-amd64)
# No core dump will be written. Minidumps are not enabled by default on client versions of Windows
#

---------------  S U M M A R Y ------------

Command Line: -Djava.awt.headless=true -Djava.util.logging.config.file=C:\Users\juanj\.android\utp\logging8432763385897147805properties -Dfile.encoding=UTF-8 -Duser.country=ES -Duser.language=es -Duser.variant com.google.testing.platform.launcher.Launcher C:\Users\juanj\.gradle\caches\modules-2\files-2.1\com.google.testing.platform\core\0.0.8-alpha08\762b033d6dcf24e44af8ccc5428ceb3eef540e37\core-0.0.8-alpha08.jar --proto_config=C:\Users\juanj\.android\utp\runnerConfig12304609963926250896.pb --proto_server_config=C:\Users\juanj\.android\utp\serverConfig4867548077309341767.pb

Host: AMD Ryzen 5 2500U with Radeon Vega Mobile Gfx  , 8 cores, 14G,  Windows 11 , 64 bit Build 22621 (10.0.22621.2428)
Time: Sat Oct 21 13:00:27 2023 Hora est. Pacífico, Sudamérica elapsed time: 0.073086 seconds (0d 0h 0m 0s)

---------------  T H R E A D  ---------------

Current thread (0x000001ea451ba150):  JavaThread "Unknown thread" [_thread_in_vm, id=12080, stack(0x000000b503900000,0x000000b503a00000)]

Stack: [0x000000b503900000,0x000000b503a00000]
Native frames: (J=compiled Java code, j=interpreted, Vv=VM code, C=native code)
V  [jvm.dll+0x683c9a]
V  [jvm.dll+0x8427a4]
V  [jvm.dll+0x843f9e]
V  [jvm.dll+0x844603]
V  [jvm.dll+0x249b75]
V  [jvm.dll+0x680b69]
V  [jvm.dll+0x67505a]
V  [jvm.dll+0x309acb]
V  [jvm.dll+0x310f86]
V  [jvm.dll+0x3608ee]
V  [jvm.dll+0x360b1f]
V  [jvm.dll+0x2dfbf8]
V  [jvm.dll+0x2e0b64]
V  [jvm.dll+0x814091]
V  [jvm.dll+0x36e6a1]
V  [jvm.dll+0x7f35cc]
V  [jvm.dll+0x3f0e8f]
V  [jvm.dll+0x3f29d1]
C  [jli.dll+0x526b]
C  [ucrtbase.dll+0x29363]
C  [KERNEL32.DLL+0x1257d]
C  [ntdll.dll+0x5aa78]


---------------  P R O C E S S  ---------------

Threads class SMR info:
_java_thread_list=0x00007ffe0e52c058, length=0, elements={
}

Java Threads: ( => current thread )

Other Threads:
  0x000001ea45220f30 GCTaskThread "GC Thread#0" [stack: 0x000000b503a00000,0x000000b503b00000] [id=8128]
  0x000001ea45230d30 ConcurrentGCThread "G1 Main Marker" [stack: 0x000000b503b00000,0x000000b503c00000] [id=17600]
  0x000001ea45231ee0 ConcurrentGCThread "G1 Conc#0" [stack: 0x000000b503c00000,0x000000b503d00000] [id=7188]

[error occurred during error reporting (printing all threads), id 0xc0000005, EXCEPTION_ACCESS_VIOLATION (0xc0000005) at pc=0x00007ffe0dce0797]

VM state: not at safepoint (not fully initialized)

VM Mutex/Monitor currently owned by a thread:  ([mutex/lock_event])
[0x000001ea451b2dc0] Heap_lock - owner thread: 0x000001ea451ba150

Heap address: 0x0000000711400000, size: 3820 MB, Compressed Oops mode: Zero based, Oop shift amount: 3

CDS archive(s) mapped at: [0x0000000000000000-0x0000000000000000-0x0000000000000000), size 0, SharedBaseAddress: 0x0000000800000000, ArchiveRelocationMode: 0.
Narrow klass base: 0x0000000000000000, Narrow klass shift: 0, Narrow klass range: 0x0

GC Precious Log:
<Empty>

Heap:
 garbage-first heap   total 0K, used 0K [0x0000000711400000, 0x0000000800000000)
  region size 2048K, 0 young (0K), 0 survivors (0K)

[error occurred during error reporting (printing heap information), id 0xc0000005, EXCEPTION_ACCESS_VIOLATION (0xc0000005) at pc=0x00007ffe0e0cda89]

GC Heap History (0 events):
No events

Dll operation events (1 events):
Event: 0.034 Loaded shared library D:\ANDROID\jbr\bin\java.dll

Deoptimization events (0 events):
No events

Classes unloaded (0 events):
No events

Classes redefined (0 events):
No events

Internal exceptions (0 events):
No events

VM Operations (0 events):
No events

Events (0 events):
No events


Dynamic libraries:
0x00007ff77c600000 - 0x00007ff77c60a000 	D:\ANDROID\jbr\bin\java.exe
0x00007ffe63f70000 - 0x00007ffe64187000 	C:\WINDOWS\SYSTEM32\ntdll.dll
0x00007ffe62770000 - 0x00007ffe62834000 	C:\WINDOWS\System32\KERNEL32.DLL
0x00007ffe61650000 - 0x00007ffe619f6000 	C:\WINDOWS\System32\KERNELBASE.dll
0x00007ffe612f0000 - 0x00007ffe61401000 	C:\WINDOWS\System32\ucrtbase.dll
0x00007ffe0d580000 - 0x00007ffe0d597000 	D:\ANDROID\jbr\bin\jli.dll
0x00007ffe63a50000 - 0x00007ffe63bfd000 	C:\WINDOWS\System32\USER32.dll
0x00007ffe61620000 - 0x00007ffe61646000 	C:\WINDOWS\System32\win32u.dll
0x00007ffe61fd0000 - 0x00007ffe61ff9000 	C:\WINDOWS\System32\GDI32.dll
0x00007ffe61480000 - 0x00007ffe61598000 	C:\WINDOWS\System32\gdi32full.dll
0x00007ffe61b70000 - 0x00007ffe61c0a000 	C:\WINDOWS\System32\msvcp_win.dll
0x00007ffe444e0000 - 0x00007ffe444fb000 	D:\ANDROID\jbr\bin\VCRUNTIME140.dll
0x00007ffe4d2e0000 - 0x00007ffe4d573000 	C:\WINDOWS\WinSxS\amd64_microsoft.windows.common-controls_6595b64144ccf1df_6.0.22621.2361_none_2712ced57382f843\COMCTL32.dll
0x00007ffe62000000 - 0x00007ffe620a7000 	C:\WINDOWS\System32\msvcrt.dll
0x00007ffe633a0000 - 0x00007ffe633d1000 	C:\WINDOWS\System32\IMM32.DLL
0x00007ffe5be60000 - 0x00007ffe5be6c000 	D:\ANDROID\jbr\bin\vcruntime140_1.dll
0x00007ffe3c0e0000 - 0x00007ffe3c16d000 	D:\ANDROID\jbr\bin\msvcp140.dll
0x00007ffe0d9f0000 - 0x00007ffe0e65e000 	D:\ANDROID\jbr\bin\server\jvm.dll
0x00007ffe62840000 - 0x00007ffe628f0000 	C:\WINDOWS\System32\ADVAPI32.dll
0x00007ffe61f20000 - 0x00007ffe61fc6000 	C:\WINDOWS\System32\sechost.dll
0x00007ffe63830000 - 0x00007ffe63947000 	C:\WINDOWS\System32\RPCRT4.dll
0x00007ffe5ae80000 - 0x00007ffe5ae89000 	C:\WINDOWS\SYSTEM32\WSOCK32.dll
0x00007ffe63790000 - 0x00007ffe63801000 	C:\WINDOWS\System32\WS2_32.dll
0x00007ffe5a2a0000 - 0x00007ffe5a2aa000 	C:\WINDOWS\SYSTEM32\VERSION.dll
0x00007ffe59b50000 - 0x00007ffe59b84000 	C:\WINDOWS\SYSTEM32\WINMM.dll
0x00007ffe60330000 - 0x00007ffe60348000 	C:\WINDOWS\SYSTEM32\kernel.appcore.dll
0x00007ffe1a8a0000 - 0x00007ffe1a8aa000 	D:\ANDROID\jbr\bin\jimage.dll
0x00007ffe574d0000 - 0x00007ffe576fe000 	C:\WINDOWS\SYSTEM32\DBGHELP.DLL
0x00007ffe633e0000 - 0x00007ffe6376a000 	C:\WINDOWS\System32\combase.dll
0x00007ffe63c00000 - 0x00007ffe63cd7000 	C:\WINDOWS\System32\OLEAUT32.dll
0x00007ffe4f0f0000 - 0x00007ffe4f122000 	C:\WINDOWS\SYSTEM32\dbgcore.DLL
0x00007ffe615a0000 - 0x00007ffe6161a000 	C:\WINDOWS\System32\bcryptPrimitives.dll
0x00007ffe0d9c0000 - 0x00007ffe0d9e5000 	D:\ANDROID\jbr\bin\java.dll

dbghelp: loaded successfully - version: 4.0.5 - missing functions: none
symbol engine: initialized successfully - sym options: 0x614 - pdb path: .;D:\ANDROID\jbr\bin;C:\WINDOWS\SYSTEM32;C:\WINDOWS\WinSxS\amd64_microsoft.windows.common-controls_6595b64144ccf1df_6.0.22621.2361_none_2712ced57382f843;D:\ANDROID\jbr\bin\server

VM Arguments:
jvm_args: -Djava.awt.headless=true -Djava.util.logging.config.file=C:\Users\juanj\.android\utp\logging8432763385897147805properties -Dfile.encoding=UTF-8 -Duser.country=ES -Duser.language=es -Duser.variant 
java_command: com.google.testing.platform.launcher.Launcher C:\Users\juanj\.gradle\caches\modules-2\files-2.1\com.google.testing.platform\core\0.0.8-alpha08\762b033d6dcf24e44af8ccc5428ceb3eef540e37\core-0.0.8-alpha08.jar --proto_config=C:\Users\juanj\.android\utp\runnerConfig12304609963926250896.pb --proto_server_config=C:\Users\juanj\.android\utp\serverConfig4867548077309341767.pb
java_class_path (initial): C:\Users\juanj\.gradle\caches\modules-2\files-2.1\com.google.testing.platform\launcher\0.0.8-alpha08\de8664b74f9b70fea224c610fd41b802805c72ab\launcher-0.0.8-alpha08.jar
Launcher Type: SUN_STANDARD

[Global flags]
     intx CICompilerCount                          = 4                                         {product} {ergonomic}
     uint ConcGCThreads                            = 2                                         {product} {ergonomic}
     uint G1ConcRefinementThreads                  = 8                                         {product} {ergonomic}
   size_t G1HeapRegionSize                         = 2097152                                   {product} {ergonomic}
    uintx GCDrainStackTargetSize                   = 64                                        {product} {ergonomic}
   size_t InitialHeapSize                          = 251658240                                 {product} {ergonomic}
   size_t MarkStackSize                            = 4194304                                   {product} {ergonomic}
   size_t MaxHeapSize                              = 4005560320                                {product} {ergonomic}
   size_t MinHeapDeltaBytes                        = 2097152                                   {product} {ergonomic}
   size_t MinHeapSize                              = 8388608                                   {product} {ergonomic}
    uintx NonNMethodCodeHeapSize                   = 5839372                                {pd product} {ergonomic}
    uintx NonProfiledCodeHeapSize                  = 122909434                              {pd product} {ergonomic}
    uintx ProfiledCodeHeapSize                     = 122909434                              {pd product} {ergonomic}
    uintx ReservedCodeCacheSize                    = 251658240                              {pd product} {ergonomic}
     bool SegmentedCodeCache                       = true                                      {product} {ergonomic}
   size_t SoftMaxHeapSize                          = 4005560320                             {manageable} {ergonomic}
     bool UseCompressedClassPointers               = true                           {product lp64_product} {ergonomic}
     bool UseCompressedOops                        = true                           {product lp64_product} {ergonomic}
     bool UseG1GC                                  = true                                      {product} {ergonomic}
     bool UseLargePagesIndividualAllocation        = false                                  {pd product} {ergonomic}

Logging:
Log output configuration:
 #0: stdout all=warning uptime,level,tags
 #1: stderr all=off uptime,level,tags

Environment Variables:
PATH=C:\Python311\Scripts\;C:\Python311\;C:\Program Files\Common Files\Oracle\Java\javapath;C:\Program Files (x86)\VMware\VMware Player\bin\;C:\WINDOWS\system32;C:\WINDOWS;C:\WINDOWS\System32\Wbem;C:\WINDOWS\System32\WindowsPowerShell\v1.0\;C:\WINDOWS\System32\OpenSSH\;D:\Program Files\;C:\Program Files\Java\jdk-20\bin;C:\ProgramData\chocolatey\bin;C:\Program Files\Git\cmd;C:\Program Files\Git;C:\Program Files\nodejs\;C:\Program Files (x86)\Bitvise SSH Client;C:\Program Files\PowerShell\7\;C:\Users\juanj\AppData\Local\Microsoft\WindowsApps;C:\Users\juanj\AppData\Local\Programs\Microsoft VS Code\bin;C:\Users\juanj\AppData\Local\GitHubDesktop\bin;C:\Users\juanj\AppData\Roaming\npm
USERNAME=juanj
OS=Windows_NT
PROCESSOR_IDENTIFIER=AMD64 Family 23 Model 17 Stepping 0, AuthenticAMD
TMP=C:\Users\juanj\AppData\Local\Temp
TEMP=C:\Users\juanj\AppData\Local\Temp


JNI global refs:

[error occurred during error reporting (JNI global references), id 0xc0000005, EXCEPTION_ACCESS_VIOLATION (0xc0000005) at pc=0x00007ffe0daa7a10]


---------------  S Y S T E M  ---------------

OS:
 Windows 11 , 64 bit Build 22621 (10.0.22621.2428)
OS uptime: 0 days 2:27 hours

CPU: total 8 (initial active 8) (8 cores per cpu, 2 threads per core) family 23 model 17 stepping 0 microcode 0x0, cx8, cmov, fxsr, ht, mmx, 3dnowpref, sse, sse2, sse3, ssse3, sse4a, sse4.1, sse4.2, popcnt, lzcnt, tsc, tscinvbit, avx, avx2, aes, clmul, bmi1, bmi2, adx, sha, fma, vzeroupper, clflush, clflushopt

Memory: 4k page, system-wide physical 15274M (1791M free)
TotalPageFile size 17281M (AvailPageFile size 148M)
current process WorkingSet (physical memory assigned to process): 11M, peak: 11M
current process commit charge ("private bytes"): 60M, peak: 300M

vm_info: OpenJDK 64-Bit Server VM (17.0.6+0-b2043.56-10027231) for windows-amd64 JRE (17.0.6+0-b2043.56-10027231), built on Apr 28 2023 00:43:19 by "androidbuild" with MS VC++ 16.10 / 16.11 (VS2019)

END.
